TN:
SF:src\app\AccountMenu.tsx
FN:15,AccountMenu
FN:22,(anonymous_1)
FN:32,(anonymous_2)
FN:37,(anonymous_3)
FN:50,(anonymous_4)
FNF:5
FNH:5
FNDA:162,AccountMenu
FNDA:667,(anonymous_1)
FNDA:172,(anonymous_2)
FNDA:860,(anonymous_3)
FNDA:1,(anonymous_4)
DA:16,162
DA:17,162
DA:18,162
DA:21,162
DA:22,667
DA:25,162
DA:33,172
DA:38,860
DA:51,1
DA:52,1
LF:10
LH:10
BRDA:21,0,0,80
BRDA:21,0,1,82
BRDA:35,1,0,86
BRDA:35,1,1,86
BRF:4
BRH:4
end_of_record
TN:
SF:src\app\Brand.tsx
FN:7,Brand
FNF:1
FNH:1
FNDA:692,Brand
DA:8,692
DA:10,692
LF:2
LH:2
BRF:0
BRH:0
end_of_record
TN:
SF:src\app\Dropdown.tsx
FN:10,Dropdown
FN:27,(anonymous_1)
FN:32,onPointerDown
FN:38,onKeyDown
FN:51,(anonymous_4)
FN:69,(anonymous_5)
FN:69,(anonymous_6)
FN:75,(anonymous_7)
FNF:8
FNH:8
FNDA:2010,Dropdown
FNDA:1046,(anonymous_1)
FNDA:20,onPointerDown
FNDA:3,onKeyDown
FNDA:30,(anonymous_4)
FNDA:31,(anonymous_5)
FNDA:31,(anonymous_6)
FNDA:17,(anonymous_7)
DA:23,2010
DA:24,2010
DA:25,2010
DA:27,2010
DA:28,1046
DA:29,1016
DA:33,20
DA:34,1
DA:39,3
DA:40,2
DA:44,2
DA:48,30
DA:49,30
DA:51,30
DA:52,30
DA:53,30
DA:57,2010
DA:69,31
DA:75,17
LF:19
LH:19
BRDA:28,0,0,1016
BRDA:28,0,1,30
BRDA:33,1,0,1
BRDA:33,1,1,19
BRDA:39,2,0,2
BRDA:39,2,1,1
BRDA:58,3,0,30
BRDA:58,3,1,1980
BRF:8
BRH:8
end_of_record
TN:
SF:src\app\ErrorBoundary.tsx
FN:19,getDerivedStateFromError
FN:23,componentDidCatch
FN:27,render
FNF:3
FNH:3
FNDA:28,getDerivedStateFromError
FNDA:1,componentDidCatch
FNDA:697,render
DA:17,387
DA:20,2
DA:24,1
DA:28,697
LF:4
LH:4
BRDA:28,0,0,2
BRDA:28,0,1,695
BRF:2
BRH:2
end_of_record
TN:
SF:src\app\LanguageMenu.tsx
FN:8,Flag
FN:38,LanguageMenu
FN:44,(anonymous_2)
FN:49,onPointerDown
FN:55,onKeyDown
FN:64,(anonymous_5)
FN:70,choose
FN:83,(anonymous_7)
FN:83,(anonymous_8)
FN:104,(anonymous_9)
FN:111,(anonymous_10)
FN:112,(anonymous_11)
FNF:12
FNH:12
FNDA:2124,Flag
FNDA:708,LanguageMenu
FNDA:400,(anonymous_2)
FNDA:5,onPointerDown
FNDA:3,onKeyDown
FNDA:9,(anonymous_5)
FNDA:4,choose
FNDA:10,(anonymous_7)
FNDA:10,(anonymous_8)
FNDA:1416,(anonymous_9)
FNDA:3,(anonymous_10)
FNDA:2,(anonymous_11)
DA:9,2124
DA:10,1411
DA:19,713
DA:30,27
DA:39,708
DA:40,708
DA:41,708
DA:42,708
DA:44,708
DA:45,400
DA:46,391
DA:50,5
DA:51,1
DA:56,3
DA:57,1
DA:61,9
DA:62,9
DA:64,9
DA:65,9
DA:66,9
DA:71,4
DA:72,4
DA:75,708
DA:83,10
DA:105,1416
DA:111,3
DA:113,2
DA:114,1
DA:115,1
LF:29
LH:29
BRDA:9,0,0,1411
BRDA:9,0,1,713
BRDA:45,1,0,391
BRDA:45,1,1,9
BRDA:50,2,0,1
BRDA:50,2,1,4
BRDA:56,3,0,1
BRDA:56,3,1,2
BRDA:76,4,0,9
BRDA:76,4,1,699
BRDA:109,5,0,18
BRDA:109,5,1,1398
BRDA:113,6,0,1
BRDA:113,6,1,1
BRDA:113,7,0,2
BRDA:113,7,1,1
BRF:16
BRH:16
end_of_record
TN:
SF:src\app\LocaleLayout.tsx
FN:10,LocaleLayout
FNF:1
FNH:1
FNDA:535,LocaleLayout
DA:11,535
DA:12,535
DA:14,535
DA:17,1
DA:25,534
LF:5
LH:5
BRDA:14,0,0,1
BRDA:14,0,1,534
BRF:2
BRH:2
end_of_record
TN:
SF:src\app\MessagesMenu.tsx
FN:12,MessagesMenu
FN:15,(anonymous_1)
FN:36,(anonymous_2)
FN:44,(anonymous_3)
FNF:4
FNH:4
FNDA:86,MessagesMenu
FNDA:173,(anonymous_1)
FNDA:93,(anonymous_2)
FNDA:187,(anonymous_3)
DA:13,86
DA:14,86
DA:15,173
DA:17,86
DA:37,93
DA:45,187
LF:6
LH:6
BRDA:28,0,0,86
BRDA:28,0,1,81
BRDA:40,1,0,2
BRDA:40,1,1,91
BRDA:45,2,0,96
BRDA:45,2,1,91
BRF:6
BRH:6
end_of_record
TN:
SF:src\app\PageMeta.tsx
FN:4,useDeclareMeta
FN:33,PageMeta
FN:36,(anonymous_2)
FN:39,(anonymous_3)
FNF:4
FNH:4
FNDA:302,useDeclareMeta
FNDA:303,PageMeta
FNDA:85,(anonymous_2)
FNDA:85,(anonymous_3)
DA:5,302
DA:7,302
DA:8,2
DA:11,300
DA:34,303
DA:36,303
DA:37,85
DA:39,85
DA:42,303
LF:9
LH:9
BRDA:7,0,0,2
BRDA:7,0,1,300
BRF:2
BRH:2
end_of_record
TN:
SF:src\app\Shell.tsx
FN:23,useRestOfPath
FN:52,useWaiting
FN:62,(anonymous_2)
FN:78,useNavSections
FN:83,(anonymous_4)
FN:85,(anonymous_5)
FN:88,(anonymous_6)
FN:96,VerificationLink
FN:117,NavEntry
FN:138,(anonymous_9)
FN:139,(anonymous_10)
FN:146,(anonymous_11)
FN:167,Shell
FN:173,(anonymous_13)
FN:224,(anonymous_14)
FN:224,(anonymous_15)
FN:236,(anonymous_16)
FN:268,(anonymous_17)
FNF:18
FNH:18
FNDA:704,useRestOfPath
FNDA:590,useWaiting
FNDA:35,(anonymous_2)
FNDA:704,useNavSections
FNDA:3857,(anonymous_4)
FNDA:6980,(anonymous_5)
FNDA:3857,(anonymous_6)
FNDA:590,VerificationLink
FNDA:3789,NavEntry
FNDA:1745,(anonymous_9)
FNDA:11,(anonymous_10)
FNDA:6916,(anonymous_11)
FNDA:704,Shell
FNDA:15,(anonymous_13)
FNDA:4,(anonymous_14)
FNDA:4,(anonymous_15)
FNDA:3855,(anonymous_16)
FNDA:1408,(anonymous_17)
DA:24,704
DA:28,704
DA:30,704
DA:34,27
DA:53,590
DA:54,590
DA:58,590
DA:60,590
DA:62,35
DA:79,704
DA:80,704
DA:82,704
DA:84,3857
DA:85,6980
DA:88,3857
DA:97,590
DA:98,590
DA:100,590
DA:118,3789
DA:119,3789
DA:123,3789
DA:124,2076
DA:131,1713
DA:139,1745
DA:140,11
DA:141,11
DA:144,1745
DA:147,6916
DA:168,704
DA:169,704
DA:170,704
DA:171,704
DA:172,704
DA:173,704
DA:177,704
DA:179,704
DA:224,4
DA:237,3855
DA:269,1408
LF:39
LH:39
BRDA:84,0,0,1745
BRDA:84,0,1,2112
BRDA:88,1,0,1745
BRDA:88,1,1,2112
BRDA:104,2,0,320
BRDA:104,2,1,270
BRDA:108,3,0,590
BRDA:108,3,1,270
BRDA:123,4,0,2076
BRDA:123,4,1,1713
BRDA:147,5,0,340
BRDA:147,5,1,6576
BRDA:204,6,0,89
BRDA:204,6,1,615
BRDA:226,7,0,3
BRDA:226,7,1,701
BRDA:233,8,0,3
BRDA:233,8,1,701
BRF:18
BRH:18
end_of_record
TN:
SF:src\app\ThemeProvider.tsx
FN:8,ThemeProvider
FN:11,(anonymous_1)
FN:15,(anonymous_2)
FN:20,(anonymous_3)
FNF:4
FNH:4
FNDA:536,ThemeProvider
FNDA:386,(anonymous_1)
FNDA:2,(anonymous_2)
FNDA:386,(anonymous_3)
DA:9,536
DA:11,536
DA:12,386
DA:15,536
DA:16,2
DA:17,2
DA:20,536
DA:22,536
LF:8
LH:8
BRF:0
BRH:0
end_of_record
TN:
SF:src\app\head.ts
FN:52,metaTag
FN:64,linkTag
FN:84,addressOf
FN:88,applyHead
FN:117,(anonymous_4)
FNF:5
FNH:5
FNDA:4448,metaTag
FNDA:1668,linkTag
FNDA:1668,addressOf
FNDA:556,applyHead
FNDA:1112,(anonymous_4)
DA:22,27
DA:27,27
DA:53,4448
DA:55,4448
DA:56,184
DA:57,184
DA:58,184
DA:61,4448
DA:66,1668
DA:67,1668
DA:69,1668
DA:70,69
DA:71,69
DA:73,69
DA:74,46
DA:77,69
DA:80,1668
DA:85,1668
DA:89,556
DA:90,556
DA:92,556
DA:93,556
DA:111,556
DA:117,1112
DA:118,556
DA:122,556
DA:127,556
DA:128,556
DA:129,556
DA:133,556
DA:134,556
DA:136,556
DA:137,556
LF:33
LH:33
BRDA:55,0,0,184
BRDA:55,0,1,4264
BRDA:66,1,0,556
BRDA:66,1,1,1112
BRDA:69,2,0,69
BRDA:69,2,1,1599
BRDA:73,3,0,46
BRDA:73,3,1,23
BRDA:85,4,0,294
BRDA:85,4,1,1374
BRF:10
BRH:10
end_of_record
TN:
SF:src\app\icons.tsx
FN:6,Stroke
FN:23,MailIcon
FNF:2
FNH:2
FNDA:87,Stroke
FNDA:87,MailIcon
DA:7,87
DA:24,87
LF:2
LH:2
BRF:0
BRH:0
end_of_record
TN:
SF:src\app\monogram.ts
FN:4,monogramFor
FNF:1
FNH:1
FNDA:486,monogramFor
DA:5,486
DA:6,86
DA:9,400
LF:3
LH:3
BRDA:5,0,0,86
BRDA:5,0,1,400
BRF:2
BRH:2
end_of_record
TN:
SF:src\app\pageMetaContext.ts
FNF:0
FNH:0
DA:12,27
LF:1
LH:1
BRF:0
BRH:0
end_of_record
TN:
SF:src\app\routeObjects.tsx
FN:98,screenFor
FN:108,(anonymous_1)
FN:115,(anonymous_2)
FN:115,(anonymous_3)
FN:120,inSection
FN:145,guarded
FN:172,(anonymous_6)
FN:182,(anonymous_7)
FNF:8
FNH:8
FNDA:897,screenFor
FNDA:216,(anonymous_1)
FNDA:243,(anonymous_2)
FNDA:216,(anonymous_3)
FNDA:1242,inSection
FNDA:1242,guarded
FNDA:378,(anonymous_6)
FNDA:864,(anonymous_7)
DA:56,27
DA:99,897
DA:106,27
DA:108,216
DA:113,27
DA:115,243
DA:121,1242
DA:122,243
DA:125,999
DA:126,243
DA:129,756
DA:146,1242
DA:147,1242
DA:149,1242
DA:154,27
DA:172,378
DA:175,27
DA:182,864
LF:18
LH:18
BRDA:99,0,0,897
BRDA:99,0,1,1
BRDA:121,1,0,243
BRDA:121,1,1,999
BRDA:125,2,0,243
BRDA:125,2,1,756
BRDA:149,3,0,702
BRDA:149,3,1,540
BRF:8
BRH:8
end_of_record
TN:
SF:src\app\routes.ts
FN:172,(anonymous_0)
FN:183,navForRole
FN:184,(anonymous_2)
FN:187,matches
FN:193,(anonymous_4)
FN:204,seoKeyFor
FN:205,(anonymous_6)
FNF:7
FNH:7
FNDA:168,(anonymous_0)
FNDA:709,navForRole
FNDA:4254,(anonymous_2)
FNDA:19954,matches
FNDA:8552,(anonymous_4)
FNDA:759,seoKeyFor
FNDA:19954,(anonymous_6)
DA:44,28
DA:104,28
DA:113,28
DA:118,28
DA:122,28
DA:152,28
DA:171,28
DA:173,168
DA:184,4254
DA:188,19954
DA:189,19954
DA:191,19954
DA:193,8552
DA:205,19954
LF:14
LH:14
BRDA:173,0,0,84
BRDA:173,0,1,84
BRDA:184,1,0,4254
BRDA:184,1,1,709
BRDA:192,2,0,19954
BRDA:192,2,1,6978
BRDA:193,3,0,8552
BRDA:193,3,1,8320
BRF:8
BRH:8
end_of_record
TN:
SF:src\app\themeContext.ts
FN:18,storedTheme
FNF:1
FNH:1
FNDA:387,storedTheme
DA:5,27
DA:12,27
DA:19,387
LF:3
LH:3
BRDA:19,0,0,2
BRDA:19,0,1,385
BRF:2
BRH:2
end_of_record
TN:
SF:src\app\useRouteChrome.ts
FN:26,useRouteChrome
FN:32,(anonymous_1)
FN:50,(anonymous_2)
FN:56,(anonymous_3)
FNF:4
FNH:4
FNDA:704,useRouteChrome
FNDA:16934,(anonymous_1)
FNDA:388,(anonymous_2)
FNDA:556,(anonymous_3)
DA:10,27
DA:27,704
DA:28,704
DA:29,704
DA:31,704
DA:32,16934
DA:33,704
DA:35,704
DA:36,704
DA:42,704
DA:44,704
DA:45,105
DA:46,599
DA:47,369
DA:50,704
DA:53,388
DA:56,704
DA:57,556
DA:66,704
LF:19
LH:19
BRDA:33,0,0,704
BRDA:33,0,1,3
BRDA:35,1,0,704
BRDA:35,1,1,592
BRDA:36,2,0,704
BRDA:36,2,1,592
BRDA:44,3,0,105
BRDA:44,3,1,599
BRDA:46,4,0,369
BRDA:46,4,1,230
BRF:10
BRH:10
end_of_record
TN:
SF:src\app\useTheme.ts
FN:4,useTheme
FNF:1
FNH:1
FNDA:12,useTheme
DA:5,12
DA:7,12
DA:8,2
DA:11,9
LF:4
LH:4
BRDA:7,0,0,2
BRDA:7,0,1,10
BRF:2
BRH:2
end_of_record
TN:
SF:src\clock\ClockProvider.tsx
FN:22,fromStore
FN:39,storedDay
FN:61,keepDay
FN:102,ClockProvider
FN:114,(anonymous_4)
FN:115,(anonymous_5)
FN:122,(anonymous_6)
FN:128,(anonymous_7)
FN:138,(anonymous_8)
FNF:9
FNH:9
FNDA:416,fromStore
FNDA:420,storedDay
FNDA:9,keepDay
FNDA:462,ClockProvider
FNDA:450,(anonymous_4)
FNDA:3,(anonymous_5)
FNDA:450,(anonymous_6)
FNDA:9,(anonymous_7)
FNDA:461,(anonymous_8)
DA:16,27
DA:23,416
DA:24,416
DA:26,3
DA:40,420
DA:41,4
DA:44,416
DA:46,416
DA:47,410
DA:50,6
DA:54,6
DA:55,2
DA:58,4
DA:62,9
DA:63,1
DA:66,8
DA:67,8
DA:68,4
DA:69,4
DA:72,4
DA:83,27
DA:111,462
DA:112,462
DA:114,462
DA:115,450
DA:119,450
DA:120,450
DA:122,450
DA:123,450
DA:124,450
DA:128,462
DA:132,9
DA:133,9
DA:136,462
DA:138,462
DA:139,461
DA:143,462
LF:37
LH:37
BRDA:40,0,0,4
BRDA:40,0,1,416
BRDA:46,1,0,410
BRDA:46,1,1,6
BRDA:54,2,0,2
BRDA:54,2,1,4
BRDA:58,3,0,3
BRDA:58,3,1,1
BRDA:62,4,0,1
BRDA:62,4,1,8
BRDA:67,5,0,4
BRDA:67,5,1,4
BRDA:105,6,0,462
BRDA:111,7,0,462
BRDA:111,7,1,420
BRDA:136,8,0,462
BRDA:136,8,1,418
BRF:17
BRH:17
end_of_record
TN:
SF:src\clock\DateSwitch.tsx
FN:19,DateChooser
FN:35,(anonymous_1)
FN:53,(anonymous_2)
FN:64,DateSwitch
FNF:4
FNH:4
FNDA:723,DateChooser
FNDA:6,(anonymous_1)
FNDA:2,(anonymous_2)
FNDA:716,DateSwitch
DA:20,723
DA:21,723
DA:23,723
DA:35,6
DA:53,2
DA:65,716
DA:66,3
DA:69,713
LF:8
LH:8
BRDA:27,0,0,709
BRDA:27,0,1,14
BRDA:35,1,0,2
BRDA:35,1,1,4
BRDA:47,2,0,723
BRDA:47,2,1,14
BRDA:65,3,0,3
BRDA:65,3,1,713
BRF:8
BRH:8
end_of_record
TN:
SF:src\clock\context.ts
FN:32,realToday
FNF:1
FNH:1
FNDA:456,realToday
DA:12,29
DA:33,456
LF:2
LH:2
BRF:0
BRH:0
end_of_record
TN:
SF:src\clock\useClock.ts
FN:5,useClock
FN:17,useToday
FN:30,useTodayDate
FNF:3
FNH:3
FNDA:2657,useClock
FNDA:1897,useToday
FNDA:1108,useTodayDate
DA:6,2657
DA:8,2657
DA:9,2
DA:12,2654
DA:18,1897
DA:31,1108
LF:6
LH:6
BRDA:8,0,0,2
BRDA:8,0,1,2655
BRF:2
BRH:2
end_of_record
TN:
SF:src\components\BadgeArt.tsx
FN:65,widestWord
FN:66,(anonymous_1)
FN:79,Shoe
FN:119,Wreath
FN:139,BadgeArt
FNF:5
FNH:5
FNDA:493,widestWord
FNDA:701,(anonymous_1)
FNDA:98,Shoe
FNDA:395,Wreath
FNDA:493,BadgeArt
DA:66,701
DA:80,98
DA:120,395
DA:140,493
LF:4
LH:4
BRDA:151,0,0,98
BRDA:151,0,1,395
BRDA:164,1,0,493
BRDA:164,1,1,105
BRF:4
BRH:4
end_of_record
TN:
SF:src\components\CategoryDonut.tsx
FN:31,CategoryDonut
FN:40,(anonymous_1)
FN:43,(anonymous_2)
FN:58,(anonymous_3)
FN:84,(anonymous_4)
FN:87,(anonymous_5)
FN:88,(anonymous_6)
FNF:7
FNH:7
FNDA:25,CategoryDonut
FNDA:125,(anonymous_1)
FNDA:125,(anonymous_2)
FNDA:125,(anonymous_3)
FNDA:125,(anonymous_4)
FNDA:1,(anonymous_5)
FNDA:1,(anonymous_6)
DA:18,28
DA:19,28
DA:23,28
DA:38,25
DA:39,25
DA:40,125
DA:42,25
DA:43,25
DA:44,125
DA:45,125
DA:46,125
DA:48,125
DA:50,125
DA:53,25
DA:59,125
DA:85,125
DA:87,1
DA:88,1
LF:18
LH:18
BRDA:40,0,0,125
BRDA:40,0,1,81
BRDA:44,1,0,125
BRDA:44,1,1,81
BRDA:45,2,0,20
BRDA:45,2,1,105
BRDA:62,3,0,121
BRDA:62,3,1,4
BRDA:62,4,0,125
BRDA:62,4,1,5
BRF:10
BRH:10
end_of_record
TN:
SF:src\components\Markdown.tsx
FN:36,cellsOf
FN:40,(anonymous_1)
FN:44,parseBlocks
FN:48,(anonymous_3)
FN:89,(anonymous_4)
FN:127,inline
FN:128,(anonymous_6)
FN:141,Table
FN:151,(anonymous_8)
FN:159,(anonymous_9)
FN:168,(anonymous_10)
FN:170,(anonymous_11)
FN:181,block
FN:193,(anonymous_13)
FN:210,Markdown
FNF:15
FNH:15
FNDA:1235,cellsOf
FNDA:3273,(anonymous_1)
FNDA:455,parseBlocks
FNDA:9446,(anonymous_3)
FNDA:1603,(anonymous_4)
FNDA:8449,inline
FNDA:14811,(anonymous_6)
FNDA:191,Table
FNDA:198,(anonymous_8)
FNDA:541,(anonymous_9)
FNDA:854,(anonymous_10)
FNDA:2157,(anonymous_11)
FNDA:4722,block
FNDA:1638,(anonymous_13)
FNDA:455,Markdown
DA:22,28
DA:23,28
DA:24,28
DA:25,28
DA:26,28
DA:27,28
DA:28,28
DA:33,28
DA:34,28
DA:37,1235
DA:40,3273
DA:45,455
DA:48,455
DA:49,9446
DA:50,3266
DA:51,3266
DA:55,455
DA:56,11342
DA:58,11342
DA:59,4269
DA:60,4269
DA:63,7073
DA:64,23
DA:65,23
DA:66,23
DA:69,7050
DA:71,7050
DA:72,1433
DA:74,1433
DA:75,1433
DA:78,5617
DA:80,5617
DA:81,1235
DA:83,1235
DA:84,191
DA:85,191
DA:89,1603
DA:90,1044
DA:93,1235
DA:96,4382
DA:97,4382
DA:99,4382
DA:100,1638
DA:101,1638
DA:103,1638
DA:104,395
DA:105,395
DA:108,1638
DA:109,1638
DA:112,2744
DA:113,2680
DA:114,2680
DA:117,2744
DA:120,455
DA:122,455
DA:128,8449
DA:129,14811
DA:130,2436
DA:133,12375
DA:134,745
DA:137,11630
DA:144,191
DA:145,1
DA:148,190
DA:151,198
DA:153,190
DA:160,541
DA:169,854
DA:171,2157
DA:182,4722
DA:183,23
DA:186,4699
DA:187,1433
DA:189,1433
DA:192,3266
DA:193,1638
DA:195,395
DA:198,2871
DA:199,191
DA:206,2680
DA:211,455
LF:81
LH:81
BRDA:49,0,0,3266
BRDA:49,0,1,6180
BRDA:58,1,0,4269
BRDA:58,1,1,7073
BRDA:63,2,0,23
BRDA:63,2,1,7050
BRDA:71,3,0,1433
BRDA:71,3,1,5617
BRDA:80,4,0,1235
BRDA:80,4,1,4382
BRDA:83,5,0,191
BRDA:83,5,1,1044
BRDA:89,6,0,1044
BRDA:89,6,1,191
BRDA:99,7,0,1638
BRDA:99,7,1,2744
BRDA:99,8,0,4382
BRDA:99,8,1,3041
BRDA:101,9,0,297
BRDA:101,9,1,1341
BRDA:103,10,0,395
BRDA:103,10,1,1243
BRDA:103,11,0,1638
BRDA:103,11,1,1243
BRDA:112,12,0,2680
BRDA:112,12,1,64
BRDA:129,13,0,2436
BRDA:129,13,1,12375
BRDA:133,14,0,745
BRDA:133,14,1,11630
BRDA:144,15,0,1
BRDA:144,15,1,190
BRDA:156,16,0,190
BRDA:156,16,1,182
BRDA:182,17,0,23
BRDA:182,17,1,4699
BRDA:186,18,0,1433
BRDA:186,18,1,3266
BRDA:192,19,0,395
BRDA:192,19,1,2871
BRDA:195,20,0,86
BRDA:195,20,1,309
BRDA:198,21,0,191
BRDA:198,21,1,2680
BRF:44
BRH:44
end_of_record
TN:
SF:src\components\QrCode.tsx
FN:15,QrCode
FNF:1
FNH:1
FNDA:8,QrCode
DA:16,8
DA:17,8
DA:18,8
DA:20,8
DA:23,8
DA:25,8
DA:26,8
DA:27,356
DA:28,15856
DA:29,8118
DA:34,8
LF:11
LH:11
BRDA:15,0,0,8
BRDA:28,1,0,8118
BRDA:28,1,1,7738
BRF:3
BRH:3
end_of_record
TN:
SF:src\components\Resource.tsx
FN:12,Resource
FNF:1
FNH:1
FNDA:1569,Resource
DA:13,1569
DA:15,1569
DA:16,904
DA:23,665
DA:24,4
DA:31,661
LF:6
LH:6
BRDA:15,0,0,904
BRDA:15,0,1,665
BRDA:23,1,0,4
BRDA:23,1,1,661
BRF:4
BRH:4
end_of_record
TN:
SF:src\data\badgeRule.ts
FN:93,reading
FN:99,thresholdOf
FN:115,ruleSentence
FNF:3
FNH:3
FNDA:1559,reading
FNDA:509,thresholdOf
FNDA:1050,ruleSentence
DA:29,27
DA:72,27
DA:94,1559
DA:100,509
DA:120,1050
DA:133,1050
DA:134,824
DA:137,226
DA:138,136
DA:140,136
DA:148,90
LF:11
LH:11
BRDA:94,0,0,1490
BRDA:94,0,1,69
BRDA:133,1,0,824
BRDA:133,1,1,226
BRDA:133,2,0,1050
BRDA:133,2,1,869
BRDA:137,3,0,136
BRDA:137,3,1,90
BRDA:137,4,0,226
BRDA:137,4,1,181
BRDA:140,5,0,1
BRDA:140,5,1,135
BRDA:148,6,0,45
BRDA:148,6,1,45
BRF:14
BRH:14
end_of_record
TN:
SF:src\data\categories.ts
FN:20,genderMark
FN:32,ageBandFor
FN:53,categoryCodeFor
FN:65,firstSeasonAllowed
FNF:4
FNH:4
FNDA:2193,genderMark
FNDA:2128,ageBandFor
FNDA:2193,categoryCodeFor
FNDA:19,firstSeasonAllowed
DA:10,33
DA:15,33
DA:18,33
DA:21,2193
DA:33,2128
DA:35,2128
DA:36,497
DA:39,1631
DA:40,706
DA:43,925
DA:59,2193
DA:66,19
LF:12
LH:12
BRDA:21,0,0,1700
BRDA:21,0,1,493
BRDA:35,1,0,497
BRDA:35,1,1,1631
BRDA:39,2,0,706
BRDA:39,2,1,925
BRDA:43,3,0,640
BRDA:43,3,1,285
BRDA:59,4,0,72
BRDA:59,4,1,2121
BRF:10
BRH:10
end_of_record
TN:
SF:src\data\client.ts
FN:30,request
FN:48,loadResource
FN:55,(anonymous_2)
FN:66,clearResourceCache
FNF:4
FNH:4
FNDA:1371,request
FNDA:1537,loadResource
FNDA:8,(anonymous_2)
FNDA:789,clearResourceCache
DA:13,56
DA:15,56
DA:31,1371
DA:33,1371
DA:34,8
DA:37,1363
DA:46,56
DA:49,1537
DA:51,1537
DA:52,166
DA:55,1371
DA:56,8
DA:57,8
DA:60,1371
DA:62,1371
DA:67,789
LF:16
LH:16
BRDA:33,0,0,8
BRDA:33,0,1,1363
BRDA:51,1,0,166
BRDA:51,1,1,1371
BRF:4
BRH:4
end_of_record
TN:
SF:src\data\derive.ts
FN:38,seasonOf
FN:50,defaultSeason
FN:66,(anonymous_2)
FN:72,seasonsWithResults
FN:73,(anonymous_4)
FN:76,addToTotals
FN:87,totalsOf
FN:91,resultsOf
FN:93,(anonymous_8)
FN:94,(anonymous_9)
FN:95,(anonymous_10)
FN:112,byLadder
FN:113,(anonymous_12)
FN:126,(anonymous_13)
FN:143,withPlaces
FN:163,(anonymous_15)
FN:187,(anonymous_16)
FN:188,(anonymous_17)
FN:189,(anonymous_18)
FN:197,rankingFor
FN:215,(anonymous_20)
FN:216,(anonymous_21)
FN:221,(anonymous_22)
FN:225,(anonymous_23)
FN:228,(anonymous_24)
FN:228,(anonymous_25)
FN:248,rankMembers
FN:250,(anonymous_27)
FN:255,(anonymous_28)
FN:262,totalsByMember
FN:283,(anonymous_30)
FN:284,(anonymous_31)
FN:285,(anonymous_32)
FN:286,(anonymous_33)
FN:302,rankTeams
FN:307,(anonymous_35)
FN:309,(anonymous_36)
FN:309,(anonymous_37)
FN:315,(anonymous_38)
FN:319,(anonymous_39)
FN:324,categoryOfMember
FN:334,categoriesOf
FN:342,(anonymous_42)
FN:343,(anonymous_43)
FN:348,eventsInMonth
FN:352,(anonymous_45)
FN:353,(anonymous_46)
FN:357,monthsWithEvents
FN:358,(anonymous_48)
FN:366,defaultMonth
FN:368,(anonymous_50)
FN:375,monthGrid
FN:380,(anonymous_52)
FN:405,upcomingSeries
FN:407,(anonymous_54)
FN:408,(anonymous_55)
FN:417,(anonymous_56)
FN:418,(anonymous_57)
FN:428,topTen
FN:441,(anonymous_59)
FN:444,(anonymous_60)
FN:446,(anonymous_61)
FN:450,newestMembers
FN:452,(anonymous_63)
FN:485,tallyOf
FN:488,(anonymous_65)
FN:501,seasonRows
FN:506,(anonymous_67)
FN:508,(anonymous_68)
FN:523,(anonymous_69)
FN:524,(anonymous_70)
FN:525,(anonymous_71)
FN:529,(anonymous_72)
FN:534,topByCategory
FN:542,(anonymous_74)
FN:545,(anonymous_75)
FN:551,(anonymous_76)
FN:566,(anonymous_77)
FN:567,(anonymous_78)
FN:569,(anonymous_79)
FN:572,(anonymous_80)
FN:575,topByKilometers
FN:583,(anonymous_82)
FN:589,(anonymous_83)
FN:590,(anonymous_84)
FN:591,(anonymous_85)
FN:595,topByTimeOnCourse
FN:603,(anonymous_87)
FN:628,(anonymous_88)
FN:629,(anonymous_89)
FN:630,(anonymous_90)
FN:652,topByProgress
FN:658,(anonymous_92)
FN:659,(anonymous_93)
FN:661,(anonymous_94)
FN:683,(anonymous_95)
FN:698,bestSingleRaces
FN:704,(anonymous_97)
FN:705,(anonymous_98)
FN:711,(anonymous_99)
FN:724,(anonymous_100)
FN:725,(anonymous_101)
FN:726,(anonymous_102)
FN:727,(anonymous_103)
FN:730,(anonymous_104)
FNF:105
FNH:105
FNDA:2382440,seasonOf
FNDA:121,defaultSeason
FNDA:3,(anonymous_2)
FNDA:43,seasonsWithResults
FNDA:1242,(anonymous_4)
FNDA:251774,addToTotals
FNDA:301,totalsOf
FNDA:26,resultsOf
FNDA:84534,(anonymous_8)
FNDA:4936,(anonymous_9)
FNDA:21375,(anonymous_10)
FNDA:214,byLadder
FNDA:104646,(anonymous_12)
FNDA:532,(anonymous_13)
FNDA:600,withPlaces
FNDA:170,(anonymous_15)
FNDA:23770,(anonymous_16)
FNDA:36,(anonymous_17)
FNDA:12,(anonymous_18)
FNDA:229,rankingFor
FNDA:6774,(anonymous_20)
FNDA:3493,(anonymous_21)
FNDA:3476,(anonymous_22)
FNDA:3476,(anonymous_23)
FNDA:2,(anonymous_24)
FNDA:3119,(anonymous_25)
FNDA:20,rankMembers
FNDA:98,(anonymous_27)
FNDA:4,(anonymous_28)
FNDA:114,totalsByMember
FNDA:684,(anonymous_30)
FNDA:46,(anonymous_31)
FNDA:12,(anonymous_32)
FNDA:8,(anonymous_33)
FNDA:46,rankTeams
FNDA:175,(anonymous_35)
FNDA:5113,(anonymous_36)
FNDA:669,(anonymous_37)
FNDA:329087,(anonymous_38)
FNDA:2,(anonymous_39)
FNDA:2189,categoryOfMember
FNDA:24,categoriesOf
FNDA:657,(anonymous_42)
FNDA:424,(anonymous_43)
FNDA:24,eventsInMonth
FNDA:26120,(anonymous_45)
FNDA:108,(anonymous_46)
FNDA:13,monthsWithEvents
FNDA:9505,(anonymous_48)
FNDA:12,defaultMonth
FNDA:1197,(anonymous_50)
FNDA:37,monthGrid
FNDA:93,(anonymous_52)
FNDA:100,upcomingSeries
FNDA:116330,(anonymous_54)
FNDA:4317,(anonymous_55)
FNDA:4412,(anonymous_56)
FNDA:4313,(anonymous_57)
FNDA:198,topTen
FNDA:4,(anonymous_59)
FNDA:3,(anonymous_60)
FNDA:4,(anonymous_61)
FNDA:98,newestMembers
FNDA:2940,(anonymous_63)
FNDA:253,tallyOf
FNDA:197451,(anonymous_65)
FNDA:45,seasonRows
FNDA:140912,(anonymous_67)
FNDA:1265,(anonymous_68)
FNDA:31120,(anonymous_69)
FNDA:14100,(anonymous_70)
FNDA:464,(anonymous_71)
FNDA:436,(anonymous_72)
FNDA:208,topByCategory
FNDA:697409,(anonymous_74)
FNDA:6167,(anonymous_75)
FNDA:214,(anonymous_76)
FNDA:4066,(anonymous_77)
FNDA:76,(anonymous_78)
FNDA:44,(anonymous_79)
FNDA:36,(anonymous_80)
FNDA:24,topByKilometers
FNDA:16,(anonymous_82)
FNDA:3978,(anonymous_83)
FNDA:16,(anonymous_84)
FNDA:12,(anonymous_85)
FNDA:21,topByTimeOnCourse
FNDA:2,(anonymous_87)
FNDA:556,(anonymous_88)
FNDA:12,(anonymous_89)
FNDA:8,(anonymous_90)
FNDA:27,topByProgress
FNDA:70471,(anonymous_92)
FNDA:70471,(anonymous_93)
FNDA:636,(anonymous_94)
FNDA:2,(anonymous_95)
FNDA:22,bestSingleRaces
FNDA:626,(anonymous_97)
FNDA:70454,(anonymous_98)
FNDA:8314,(anonymous_99)
FNDA:145118,(anonymous_100)
FNDA:5282,(anonymous_101)
FNDA:2422,(anonymous_102)
FNDA:184,(anonymous_103)
FNDA:92,(anonymous_104)
DA:15,32
DA:29,32
DA:39,2382440
DA:43,32
DA:51,121
DA:52,121
DA:54,121
DA:55,406335
DA:56,406335
DA:58,406335
DA:59,406335
DA:62,121
DA:63,117
DA:66,4
DA:68,4
DA:73,1242
DA:77,251774
DA:88,301
DA:92,26
DA:93,84534
DA:94,4936
DA:95,21375
DA:113,214
DA:114,104646
DA:115,116515
DA:117,116515
DA:118,104312
DA:122,334
DA:126,532
DA:148,600
DA:149,600
DA:151,600
DA:155,16289
DA:157,16289
DA:158,169
DA:161,16289
DA:163,170
DA:165,16289
DA:166,16458
DA:169,16289
DA:172,600
DA:186,32
DA:187,23770
DA:188,36
DA:189,12
DA:202,229
DA:204,229
DA:205,764335
DA:206,724631
DA:209,39704
DA:212,229
DA:214,229
DA:215,6774
DA:218,3493
DA:221,3476
DA:225,3476
DA:228,229
DA:230,3119
DA:249,20
DA:250,98
DA:255,20
DA:263,114
DA:265,114
DA:266,115057
DA:269,114
DA:282,32
DA:283,684
DA:284,46
DA:285,12
DA:286,8
DA:307,46
DA:308,175
DA:309,5113
DA:312,175
DA:315,329087
DA:319,46
DA:325,2189
DA:339,24
DA:342,657
DA:343,424
DA:349,24
DA:351,24
DA:352,26120
DA:353,108
DA:358,9505
DA:367,12
DA:368,1197
DA:370,12
DA:376,37
DA:377,37
DA:379,37
DA:380,93
DA:382,37
DA:383,1136
DA:386,37
DA:387,122
DA:390,37
DA:406,100
DA:407,116330
DA:408,4317
DA:410,100
DA:412,100
DA:413,4414
DA:416,100
DA:417,4412
DA:418,4313
DA:434,198
DA:436,198
DA:437,197
DA:440,1
DA:441,4
DA:444,3
DA:446,4
DA:451,98
DA:452,2940
DA:486,253
DA:488,197451
DA:489,32022
DA:495,253
DA:506,140912
DA:508,45
DA:509,1265
DA:511,1265
DA:522,32
DA:523,31120
DA:524,14100
DA:525,464
DA:529,436
DA:541,208
DA:542,697409
DA:545,208
DA:546,6167
DA:548,6167
DA:551,214
DA:565,32
DA:566,4066
DA:567,76
DA:569,44
DA:572,36
DA:581,24
DA:583,24
DA:588,32
DA:589,3978
DA:590,16
DA:591,12
DA:601,21
DA:603,21
DA:627,32
DA:628,556
DA:629,12
DA:630,8
DA:658,70471
DA:659,70471
DA:661,27
DA:662,636
DA:663,636
DA:672,636
DA:673,361
DA:676,275
DA:678,275
DA:683,27
DA:704,626
DA:705,70454
DA:706,22
DA:711,22
DA:712,8314
DA:713,8314
DA:718,8314
DA:723,22
DA:724,145118
DA:725,5282
DA:726,2422
DA:727,184
DA:730,92
LF:174
LH:174
BRDA:56,0,0,406335
BRDA:56,0,1,1858
BRDA:62,1,0,117
BRDA:62,1,1,4
BRDA:62,2,0,121
BRDA:62,2,1,2
BRDA:68,3,0,1
BRDA:68,3,1,3
BRDA:94,4,0,4936
BRDA:94,4,1,2
BRDA:117,5,0,104312
BRDA:117,5,1,12203
BRDA:157,6,0,16289
BRDA:157,6,1,15880
BRDA:205,7,0,724631
BRDA:205,7,1,39704
BRDA:209,8,0,39704
BRDA:209,8,1,6095
BRDA:212,9,0,229
BRDA:212,9,1,205
BRDA:218,10,0,3493
BRDA:218,10,1,24
BRDA:223,11,0,3476
BRDA:223,11,1,357
BRDA:230,12,0,3119
BRDA:230,12,1,132
BRDA:252,13,0,98
BRDA:252,13,1,9
BRDA:266,14,0,115057
BRDA:266,14,1,1993
BRDA:370,15,0,12
BRDA:370,15,1,2
BRDA:370,15,2,1
BRDA:407,16,0,116330
BRDA:407,16,1,4414
BRDA:413,17,0,4414
BRDA:413,17,1,4412
BRDA:436,18,0,197
BRDA:436,18,1,1
BRDA:490,19,0,32022
BRDA:490,19,1,4639
BRDA:511,20,0,356
BRDA:511,20,1,909
BRDA:542,21,0,697409
BRDA:542,21,1,58219
BRDA:548,22,0,2437
BRDA:548,22,1,3730
BRDA:672,23,0,361
BRDA:672,23,1,275
BRDA:672,24,0,636
BRDA:672,24,1,460
BRDA:678,25,0,109
BRDA:678,25,1,166
BRDA:718,26,0,2
BRDA:718,26,1,8312
BRDA:718,27,0,8314
BRDA:718,27,1,8312
BRF:57
BRH:57
end_of_record
TN:
SF:src\data\memberNumber.ts
FN:21,formatMemberNumber
FN:44,nextMemberNumber
FNF:2
FNH:2
FNDA:2000763,formatMemberNumber
FNDA:30,nextMemberNumber
DA:14,29
DA:19,29
DA:22,2000763
DA:45,30
DA:46,30
DA:48,30
DA:49,1000671
DA:52,30
DA:53,1
DA:56,29
LF:10
LH:10
BRDA:52,0,0,1
BRDA:52,0,1,29
BRF:2
BRH:2
end_of_record
TN:
SF:src\data\pages.ts
FN:18,pageOf
FN:25,sectionsOf
FN:26,(anonymous_2)
FN:39,livePage
FNF:4
FNH:4
FNDA:38,pageOf
FNDA:23,sectionsOf
FNDA:6,(anonymous_2)
FNDA:25,livePage
DA:13,27
DA:19,38
DA:26,23
DA:28,23
DA:44,25
LF:5
LH:5
BRDA:19,0,0,38
BRDA:19,0,1,1
BRDA:26,1,0,23
BRDA:26,1,1,18
BRDA:44,2,0,1
BRDA:44,2,1,24
BRF:6
BRH:6
end_of_record
TN:
SF:src\data\paymentQr.ts
FN:35,ipsAmount
FN:48,ipsPayload
FN:72,epcPayload
FN:100,methodsFor
FNF:4
FNH:4
FNDA:16,ipsAmount
FNDA:16,ipsPayload
FNDA:3,epcPayload
FNDA:16,methodsFor
DA:36,16
DA:49,16
DA:60,16
DA:61,1
DA:64,16
DA:73,3
DA:89,27
DA:101,16
DA:102,12
DA:105,4
DA:106,2
DA:109,2
LF:12
LH:12
BRDA:60,0,0,1
BRDA:60,0,1,15
BRDA:101,1,0,12
BRDA:101,1,1,4
BRDA:105,2,0,2
BRDA:105,2,1,2
BRF:6
BRH:6
end_of_record
TN:
SF:src\data\pricing.ts
FN:71,(anonymous_0)
FN:87,priceOn
FN:90,(anonymous_2)
FN:95,nextPrice
FN:96,(anonymous_4)
FN:101,nextPriceStart
FN:108,daysBetween
FN:115,registrationOpen
FN:128,seasonOnOffer
FNF:9
FNH:9
FNDA:145,(anonymous_0)
FNDA:30,priceOn
FNDA:90,(anonymous_2)
FNDA:14,nextPrice
FNDA:38,(anonymous_4)
FNDA:7,nextPriceStart
FNDA:108,daysBetween
FNDA:130,registrationOpen
FNDA:123,seasonOnOffer
DA:35,29
DA:40,29
DA:50,29
DA:62,29
DA:71,145
DA:73,29
DA:88,30
DA:90,90
DA:96,38
DA:102,7
DA:103,7
DA:105,7
DA:109,108
DA:110,108
DA:112,108
DA:116,130
DA:129,123
DA:134,29
LF:18
LH:18
BRDA:90,0,0,30
BRDA:90,0,1,60
BRDA:96,1,0,14
BRDA:96,1,1,2
BRDA:105,2,0,1
BRDA:105,2,1,6
BRF:6
BRH:6
end_of_record
TN:
SF:src\data\raceCategory.ts
FN:5,categoryOf
FNF:1
FNH:1
FNDA:46,categoryOf
DA:6,46
DA:7,11
DA:10,35
DA:11,4
DA:14,31
DA:15,2
DA:18,29
LF:7
LH:7
BRDA:6,0,0,11
BRDA:6,0,1,35
BRDA:10,1,0,4
BRDA:10,1,1,31
BRDA:14,2,0,2
BRDA:14,2,1,29
BRDA:18,3,0,6
BRDA:18,3,1,23
BRF:8
BRH:8
end_of_record
TN:
SF:src\data\scoring.ts
FN:15,effectiveLengthKm
FN:20,btlPoints
FNF:2
FNH:2
FNDA:23,effectiveLengthKm
FNDA:134,btlPoints
DA:16,23
DA:26,134
DA:27,116
DA:30,18
DA:32,18
LF:5
LH:5
BRDA:26,0,0,116
BRDA:26,0,1,18
BRDA:26,1,0,134
BRDA:26,1,1,34
BRDA:26,1,2,20
BRDA:26,1,3,19
BRF:6
BRH:6
end_of_record
TN:
SF:src\data\season.ts
FN:15,inYearlyWindow
FN:22,seasonOnSale
FN:33,transfersTakeEffect
FNF:3
FNH:3
FNDA:144,inYearlyWindow
FNDA:127,seasonOnSale
FNDA:1,transfersTakeEffect
DA:10,30
DA:13,30
DA:16,144
DA:18,144
DA:23,127
DA:25,127
DA:34,1
LF:7
LH:7
BRDA:18,0,0,144
BRDA:18,0,1,25
BRDA:25,1,0,15
BRDA:25,1,1,112
BRF:4
BRH:4
end_of_record
TN:
SF:src\data\types.ts
FNF:0
FNH:0
LF:0
LH:0
BRF:0
BRH:0
end_of_record
TN:
SF:src\data\useResource.ts
FN:20,useResource
FN:23,(anonymous_1)
FN:27,(anonymous_2)
FN:32,(anonymous_3)
FN:40,(anonymous_4)
FN:59,dataOr
FN:65,failed
FN:66,(anonymous_7)
FN:72,combineResources
FN:78,(anonymous_9)
FN:92,combinePair
FN:96,(anonymous_11)
FN:109,(anonymous_12)
FN:110,(anonymous_13)
FN:111,(anonymous_14)
FN:112,(anonymous_15)
FN:113,(anonymous_16)
FN:114,(anonymous_17)
FN:115,(anonymous_18)
FN:116,(anonymous_19)
FN:117,(anonymous_20)
FNF:21
FNH:21
FNDA:5291,useResource
FNDA:1517,(anonymous_1)
FNDA:1507,(anonymous_2)
FNDA:10,(anonymous_3)
FNDA:1517,(anonymous_4)
FNDA:2216,dataOr
FNDA:187,failed
FNDA:189,(anonymous_7)
FNDA:524,combineResources
FNDA:1571,(anonymous_9)
FNDA:266,combinePair
FNDA:530,(anonymous_11)
FNDA:110,(anonymous_12)
FNDA:959,(anonymous_13)
FNDA:482,(anonymous_14)
FNDA:77,(anonymous_15)
FNDA:1496,(anonymous_16)
FNDA:267,(anonymous_17)
FNDA:53,(anonymous_18)
FNDA:611,(anonymous_19)
FNDA:271,(anonymous_20)
DA:21,5291
DA:23,5291
DA:24,1517
DA:25,1517
DA:27,1517
DA:29,1507
DA:30,1447
DA:34,10
DA:35,9
DA:40,1517
DA:41,1517
DA:45,5291
DA:60,2216
DA:66,189
DA:77,524
DA:78,1571
DA:80,524
DA:81,1
DA:84,523
DA:85,337
DA:88,186
DA:96,530
DA:98,266
DA:99,3
DA:102,263
DA:103,124
DA:106,139
DA:109,110
DA:110,959
DA:111,482
DA:112,77
DA:113,1496
DA:114,267
DA:115,53
DA:116,611
DA:117,271
LF:36
LH:36
BRDA:29,0,0,1447
BRDA:29,0,1,60
BRDA:34,1,0,9
BRDA:34,1,1,1
BRDA:60,2,0,955
BRDA:60,2,1,1261
BRDA:80,3,0,1
BRDA:80,3,1,523
BRDA:84,4,0,337
BRDA:84,4,1,186
BRDA:84,5,0,523
BRDA:84,5,1,188
BRDA:84,5,2,187
BRDA:98,6,0,3
BRDA:98,6,1,263
BRDA:102,7,0,124
BRDA:102,7,1,139
BRDA:102,8,0,263
BRDA:102,8,1,140
BRF:19
BRH:19
end_of_record
TN:
SF:src\dev\tools.ts
FN:24,devToolsEnabled
FNF:1
FNH:1
FNDA:1848,devToolsEnabled
DA:25,1848
LF:1
LH:1
BRDA:25,0,0,1848
BRDA:25,0,1,14
BRF:2
BRH:2
end_of_record
TN:
SF:src\forms\DatePicker.tsx
FN:12,monthOf
FN:22,shiftMonth
FN:40,DatePicker
FN:58,(anonymous_3)
FN:61,(anonymous_4)
FN:66,onPointerDown
FN:72,onKeyDown
FN:81,(anonymous_7)
FN:90,pick
FN:108,(anonymous_9)
FN:116,(anonymous_10)
FN:122,(anonymous_11)
FN:136,(anonymous_12)
FN:144,(anonymous_13)
FN:152,(anonymous_14)
FN:158,(anonymous_15)
FN:173,(anonymous_16)
FNF:17
FNH:17
FNDA:64,monthOf
FNDA:3,shiftMonth
FNDA:162,DatePicker
FNDA:53,(anonymous_3)
FNDA:67,(anonymous_4)
FNDA:6,onPointerDown
FNDA:2,onKeyDown
FNDA:10,(anonymous_7)
FNDA:1,pick
FNDA:90,(anonymous_9)
FNDA:11,(anonymous_10)
FNDA:11,(anonymous_11)
FNDA:2,(anonymous_12)
FNDA:1,(anonymous_13)
FNDA:91,(anonymous_14)
FNDA:462,(anonymous_15)
FNDA:1,(anonymous_16)
DA:9,28
DA:13,64
DA:15,64
DA:16,54
DA:19,10
DA:23,3
DA:24,3
DA:26,3
DA:55,162
DA:56,162
DA:57,162
DA:58,162
DA:59,162
DA:61,162
DA:62,67
DA:63,57
DA:67,6
DA:68,1
DA:73,2
DA:74,1
DA:78,10
DA:79,10
DA:81,10
DA:82,10
DA:83,10
DA:87,162
DA:88,162
DA:91,1
DA:92,1
DA:95,162
DA:108,90
DA:121,11
DA:122,11
DA:136,2
DA:144,1
DA:153,91
DA:159,462
DA:173,1
LF:38
LH:38
BRDA:15,0,0,54
BRDA:15,0,1,10
BRDA:62,1,0,57
BRDA:62,1,1,10
BRDA:67,2,0,1
BRDA:67,2,1,5
BRDA:73,3,0,1
BRDA:73,3,1,1
BRDA:131,4,0,162
BRDA:131,4,1,13
BRDA:159,5,0,63
BRDA:159,5,1,399
BRDA:166,6,0,5
BRDA:166,6,1,394
BRDA:166,7,0,399
BRDA:166,7,1,213
BRDA:166,7,2,7
BRDA:166,7,3,5
BRF:18
BRH:18
end_of_record
TN:
SF:src\forms\FormRenderer.tsx
FN:58,Field
FN:72,(anonymous_1)
FN:95,(anonymous_2)
FN:132,(anonymous_3)
FN:136,(anonymous_4)
FN:143,(anonymous_5)
FN:157,(anonymous_6)
FN:162,(anonymous_7)
FN:164,(anonymous_8)
FN:173,(anonymous_9)
FN:188,(anonymous_10)
FN:199,(anonymous_11)
FN:212,FormRenderer
FN:222,(anonymous_13)
FN:232,(anonymous_14)
FN:233,(anonymous_15)
FN:236,handleSubmit
FN:252,(anonymous_17)
FN:253,(anonymous_18)
FN:256,(anonymous_19)
FN:279,(anonymous_20)
FN:288,(anonymous_21)
FN:303,(anonymous_22)
FNF:23
FNH:23
FNDA:1595,Field
FNDA:976,(anonymous_1)
FNDA:5,(anonymous_2)
FNDA:9,(anonymous_3)
FNDA:473,(anonymous_4)
FNDA:10363,(anonymous_5)
FNDA:2,(anonymous_6)
FNDA:21,(anonymous_7)
FNDA:10104,(anonymous_8)
FNDA:13,(anonymous_9)
FNDA:5,(anonymous_10)
FNDA:832,(anonymous_11)
FNDA:1074,FormRenderer
FNDA:76,(anonymous_13)
FNDA:9693,(anonymous_14)
FNDA:9498,(anonymous_15)
FNDA:47,handleSubmit
FNDA:976,(anonymous_17)
FNDA:976,(anonymous_18)
FNDA:976,(anonymous_19)
FNDA:62,(anonymous_20)
FNDA:9498,(anonymous_21)
FNDA:54,(anonymous_22)
DA:58,27
DA:71,1595
DA:72,1595
DA:73,1595
DA:74,1595
DA:75,1595
DA:76,1595
DA:78,1595
DA:86,1595
DA:87,51
DA:95,5
DA:117,1544
DA:132,9
DA:137,473
DA:144,10363
DA:157,2
DA:162,21
DA:165,10104
DA:173,13
DA:188,5
DA:199,832
DA:221,1074
DA:222,1074
DA:223,1074
DA:227,1074
DA:232,9693
DA:233,9498
DA:234,1074
DA:237,47
DA:240,47
DA:241,47
DA:243,47
DA:244,32
DA:252,1074
DA:253,976
DA:256,976
DA:261,1074
DA:280,62
DA:289,9498
DA:304,54
LF:40
LH:40
BRDA:76,0,0,840
BRDA:76,0,1,755
BRDA:76,1,0,61
BRDA:76,1,1,1534
BRDA:82,2,0,724
BRDA:82,2,1,871
BRDA:86,3,0,51
BRDA:86,3,1,1544
BRDA:102,4,0,51
BRDA:102,4,1,37
BRDA:108,5,0,51
BRDA:108,5,1,4
BRDA:121,6,0,1544
BRDA:121,6,1,138
BRDA:125,7,0,1595
BRDA:125,7,1,803
BRDA:131,8,0,1595
BRDA:131,8,1,43
BRDA:152,9,0,1595
BRDA:152,9,1,9
BRDA:157,10,0,2
BRDA:157,10,1,1
BRDA:161,11,0,1595
BRDA:161,11,1,110
BRDA:172,12,0,1595
BRDA:172,12,1,43
BRDA:176,13,0,1595
BRDA:176,13,1,135
BRDA:182,14,0,63
BRDA:182,14,1,72
BRDA:187,15,0,1595
BRDA:187,15,1,13
BRDA:191,16,0,1595
BRDA:191,16,1,759
BRDA:191,16,2,683
BRDA:191,16,3,597
BRDA:191,16,4,1191
BRDA:203,17,0,1595
BRDA:203,17,1,57
BRDA:217,18,0,1074
BRDA:243,19,0,32
BRDA:243,19,1,15
BRDA:263,20,0,536
BRDA:263,20,1,538
BRDA:275,21,0,1074
BRDA:275,21,1,16
BRDA:303,22,0,1074
BRDA:303,22,1,1020
BRF:48
BRH:48
end_of_record
TN:
SF:src\forms\dateField.ts
FN:11,parseDate
FN:30,ageOn
FN:52,fieldDate
FN:64,isoDate
FN:71,maskDate
FN:75,(anonymous_5)
FNF:6
FNH:6
FNDA:468,parseDate
FNDA:27,ageOn
FNDA:13,fieldDate
FNDA:13,isoDate
FNDA:97,maskDate
FNDA:291,(anonymous_5)
DA:8,32
DA:12,468
DA:14,468
DA:15,381
DA:18,87
DA:19,87
DA:22,87
DA:23,10
DA:26,77
DA:31,27
DA:32,27
DA:36,27
DA:37,2
DA:40,27
DA:43,32
DA:53,13
DA:54,9
DA:57,4
DA:59,4
DA:65,13
DA:67,13
DA:72,97
DA:73,97
DA:75,291
LF:24
LH:24
BRDA:14,0,0,381
BRDA:14,0,1,87
BRDA:22,1,0,10
BRDA:22,1,1,77
BRDA:22,2,0,87
BRDA:22,2,1,78
BRDA:36,3,0,2
BRDA:36,3,1,25
BRDA:53,4,0,9
BRDA:53,4,1,4
BRDA:67,5,0,10
BRDA:67,5,1,3
BRF:12
BRH:12
end_of_record
TN:
SF:src\forms\records.ts
FN:22,optionsFor
FN:30,valuesFor
FN:55,textFrom
FN:69,like
FN:83,applyChanges
FN:103,recordValue
FN:115,countryName
FN:116,(anonymous_7)
FN:126,shownValue
FN:139,(anonymous_9)
FNF:10
FNH:10
FNDA:9633,optionsFor
FNDA:24,valuesFor
FNDA:25,textFrom
FNDA:172,like
FNDA:71246,applyChanges
FNDA:287,recordValue
FNDA:14,countryName
FNDA:266,(anonymous_7)
FNDA:157,shownValue
FNDA:508,(anonymous_9)
DA:17,29
DA:26,9633
DA:31,24
DA:33,24
DA:34,130
DA:36,130
DA:37,7
DA:38,123
DA:39,10
DA:41,113
DA:45,24
DA:56,25
DA:58,25
DA:59,157
DA:61,157
DA:64,25
DA:70,172
DA:71,31
DA:74,141
DA:75,12
DA:78,129
DA:87,71246
DA:88,71213
DA:91,33
DA:93,33
DA:94,172
DA:97,33
DA:104,287
DA:105,60
DA:108,227
DA:109,26
DA:112,201
DA:116,266
DA:131,157
DA:132,11
DA:135,146
DA:136,14
DA:139,508
LF:38
LH:38
BRDA:26,0,0,9633
BRDA:26,0,1,8645
BRDA:26,0,2,8546
BRDA:36,1,0,7
BRDA:36,1,1,123
BRDA:38,2,0,10
BRDA:38,2,1,113
BRDA:39,3,0,10
BRDA:39,3,1,1
BRDA:41,4,0,5
BRDA:41,4,1,108
BRDA:41,5,0,113
BRDA:41,5,1,112
BRDA:61,6,0,10
BRDA:61,6,1,147
BRDA:70,7,0,31
BRDA:70,7,1,141
BRDA:74,8,0,12
BRDA:74,8,1,129
BRDA:87,9,0,71213
BRDA:87,9,1,33
BRDA:104,10,0,60
BRDA:104,10,1,227
BRDA:108,11,0,26
BRDA:108,11,1,201
BRDA:116,12,0,14
BRDA:116,12,1,1
BRDA:131,13,0,11
BRDA:131,13,1,146
BRDA:132,14,0,3
BRDA:132,14,1,8
BRDA:135,15,0,14
BRDA:135,15,1,132
BRDA:139,16,0,132
BRDA:139,16,1,104
BRF:35
BRH:35
end_of_record
TN:
SF:src\forms\types.ts
FNF:0
FNH:0
LF:0
LH:0
BRF:0
BRH:0
end_of_record
TN:
SF:src\forms\validate.ts
FN:15,compile
FN:31,validateField
FN:88,isVisible
FN:103,validateForm
FN:132,trimValues
FN:142,emptyValues
FNF:6
FNH:6
FNDA:12,compile
FNDA:380,validateField
FNDA:10060,isVisible
FNDA:54,validateForm
FNDA:33,trimValues
FNDA:78,emptyValues
DA:4,28
DA:7,28
DA:16,12
DA:17,12
DA:19,2
DA:32,380
DA:33,27
DA:36,353
DA:38,353
DA:39,125
DA:42,228
DA:43,1
DA:46,227
DA:47,1
DA:50,226
DA:51,3
DA:54,223
DA:55,1
DA:58,222
DA:59,2
DA:62,220
DA:63,63
DA:67,63
DA:68,1
DA:71,62
DA:72,1
DA:75,61
DA:76,1
DA:80,217
DA:89,10060
DA:91,10060
DA:92,9855
DA:95,205
DA:97,10060
DA:108,54
DA:110,54
DA:111,362
DA:112,4
DA:115,358
DA:116,362
DA:118,362
DA:119,2
DA:122,358
DA:123,66
DA:127,54
DA:133,33
DA:135,33
DA:136,238
DA:139,33
DA:143,78
DA:145,78
DA:146,572
DA:149,78
LF:53
LH:53
BRDA:32,0,0,27
BRDA:32,0,1,353
BRDA:33,1,0,6
BRDA:33,1,1,21
BRDA:33,2,0,27
BRDA:33,2,1,12
BRDA:38,3,0,125
BRDA:38,3,1,228
BRDA:39,4,0,59
BRDA:39,4,1,66
BRDA:42,5,0,1
BRDA:42,5,1,227
BRDA:42,6,0,228
BRDA:42,6,1,4
BRDA:46,7,0,1
BRDA:46,7,1,226
BRDA:46,8,0,227
BRDA:46,8,1,76
BRDA:50,9,0,3
BRDA:50,9,1,223
BRDA:50,10,0,226
BRDA:50,10,1,12
BRDA:54,11,0,1
BRDA:54,11,1,222
BRDA:54,12,0,223
BRDA:54,12,1,7
BRDA:58,13,0,2
BRDA:58,13,1,220
BRDA:58,14,0,222
BRDA:58,14,1,11
BRDA:62,15,0,63
BRDA:62,15,1,157
BRDA:67,16,0,1
BRDA:67,16,1,62
BRDA:71,17,0,1
BRDA:71,17,1,61
BRDA:71,18,0,62
BRDA:71,18,1,62
BRDA:75,19,0,1
BRDA:75,19,1,60
BRDA:75,20,0,61
BRDA:75,20,1,61
BRDA:91,21,0,9855
BRDA:91,21,1,205
BRDA:95,22,0,205
BRDA:95,22,1,1
BRDA:97,23,0,10060
BRDA:97,23,1,24
BRDA:111,24,0,4
BRDA:111,24,1,358
BRDA:115,25,0,358
BRDA:115,25,1,4
BRDA:118,26,0,2
BRDA:118,26,1,360
BRDA:118,27,0,362
BRDA:118,27,1,294
BRDA:118,27,2,4
BRDA:122,28,0,66
BRDA:122,28,1,292
BRDA:136,29,0,224
BRDA:136,29,1,14
BRDA:146,30,0,44
BRDA:146,30,1,528
BRF:63
BRH:63
end_of_record
TN:
SF:src\i18n\I18nProvider.tsx
FN:11,I18nProvider
FN:12,(anonymous_1)
FN:15,(anonymous_2)
FNF:3
FNH:3
FNDA:639,I18nProvider
FNDA:493,(anonymous_1)
FNDA:113756,(anonymous_2)
DA:12,639
DA:13,493
DA:16,113756
DA:21,639
LF:4
LH:4
BRF:0
BRH:0
end_of_record
TN:
SF:src\i18n\config.ts
FN:19,isLocale
FN:35,dictionaryLocale
FN:39,dictionaryFor
FNF:3
FNH:3
FNDA:539,isLocale
FNDA:2058,dictionaryLocale
FNDA:113762,dictionaryFor
DA:4,34
DA:8,34
DA:14,34
DA:20,539
DA:30,34
DA:36,2058
DA:40,113762
LF:7
LH:7
BRF:0
BRH:0
end_of_record
TN:
SF:src\i18n\context.ts
FNF:0
FNH:0
DA:14,34
LF:1
LH:1
BRF:0
BRH:0
end_of_record
TN:
SF:src\i18n\format.ts
FN:21,kept
FN:48,numberFormat
FN:53,(anonymous_2)
FN:62,dateFormat
FN:65,(anonymous_4)
FN:68,formatNumber
FN:73,formatPoints
FN:77,formatDistance
FN:81,formatElevation
FN:90,formatDuration
FN:103,formatCourseTime
FN:112,formatDate
FN:116,formatShortDate
FN:121,formatMonth
FN:127,lastDayOf
FN:155,wholePeriod
FNF:16
FNH:16
FNDA:45034,kept
FNDA:27691,numberFormat
FNDA:54,(anonymous_2)
FNDA:17343,dateFormat
FNDA:47,(anonymous_4)
FNDA:27691,formatNumber
FNDA:8015,formatPoints
FNDA:1,formatDistance
FNDA:1,formatElevation
FNDA:5227,formatDuration
FNDA:299,formatCourseTime
FNDA:690,formatDate
FNDA:16475,formatShortDate
FNDA:131,formatMonth
FNDA:97,lastDayOf
FNDA:150,wholePeriod
DA:18,32
DA:19,32
DA:22,45034
DA:24,45034
DA:25,44933
DA:28,101
DA:29,101
DA:31,101
DA:38,32
DA:49,27691
DA:51,27691
DA:55,54
DA:63,17343
DA:65,17343
DA:69,27691
DA:74,8015
DA:78,1
DA:82,1
DA:91,5227
DA:92,5227
DA:93,5227
DA:94,5227
DA:95,5227
DA:97,5227
DA:104,299
DA:105,299
DA:106,299
DA:107,299
DA:109,299
DA:113,690
DA:117,16475
DA:122,131
DA:128,97
DA:156,150
DA:157,3
DA:160,147
DA:161,147
DA:163,147
DA:164,95
DA:167,52
DA:168,47
DA:171,5
LF:42
LH:42
BRDA:24,0,0,44933
BRDA:24,0,1,101
BRDA:68,1,0,27691
BRDA:97,2,0,5138
BRDA:97,2,1,89
BRDA:156,3,0,3
BRDA:156,3,1,147
BRDA:163,4,0,95
BRDA:163,4,1,52
BRDA:163,5,0,147
BRDA:163,5,1,97
BRDA:167,6,0,47
BRDA:167,6,1,5
BRDA:167,7,0,52
BRDA:167,7,1,48
BRF:15
BRH:15
end_of_record
TN:
SF:src\i18n\intlTag.ts
FN:11,intlTag
FNF:1
FNH:1
FNDA:45838,intlTag
DA:7,37
DA:12,45838
LF:2
LH:2
BRDA:12,0,0,45838
BRDA:12,0,1,228
BRF:2
BRH:2
end_of_record
TN:
SF:src\i18n\translate.ts
FN:16,resolve
FN:35,pluralRules
FN:49,interpolate
FN:50,(anonymous_3)
FN:63,translate
FNF:5
FNH:5
FNDA:114702,resolve
FNDA:801,pluralRules
FNDA:104635,interpolate
FNDA:16208,(anonymous_3)
FNDA:114702,translate
DA:17,114702
DA:19,114702
DA:20,264216
DA:21,9703
DA:23,254513
DA:26,104999
DA:33,36
DA:36,801
DA:37,801
DA:39,801
DA:40,774
DA:43,27
DA:44,27
DA:46,27
DA:50,104635
DA:51,16208
DA:54,16208
DA:69,114702
DA:71,114702
DA:72,10065
DA:75,104637
DA:76,103835
DA:79,802
DA:81,802
DA:82,1
DA:85,801
DA:86,801
DA:88,114702
DA:89,1
DA:92,800
LF:30
LH:30
BRDA:20,0,0,9703
BRDA:20,0,1,254513
BRDA:39,1,0,774
BRDA:39,1,1,27
BRDA:54,2,0,14
BRDA:54,2,1,16194
BRDA:67,3,0,114702
BRDA:71,4,0,10065
BRDA:71,4,1,104637
BRDA:75,5,0,103835
BRDA:75,5,1,802
BRDA:81,6,0,1
BRDA:81,6,1,801
BRDA:86,7,0,801
BRDA:86,7,1,2
BRDA:88,8,0,1
BRDA:88,8,1,114701
BRF:17
BRH:17
end_of_record
TN:
SF:src\i18n\useI18n.ts
FN:4,useI18n
FNF:1
FNH:1
FNDA:31632,useI18n
DA:5,31632
DA:7,31632
DA:8,2
DA:11,31629
LF:4
LH:4
BRDA:7,0,0,2
BRDA:7,0,1,31630
BRF:2
BRH:2
end_of_record
TN:
SF:src\pages\Badges.tsx
FN:36,forever
FN:40,matches
FN:56,Badges
FN:65,choose
FN:83,(anonymous_4)
FN:87,(anonymous_5)
FN:87,(anonymous_6)
FN:88,(anonymous_7)
FN:95,(anonymous_8)
FN:97,(anonymous_9)
FN:107,(anonymous_10)
FN:114,(anonymous_11)
FN:125,(anonymous_12)
FN:132,(anonymous_13)
FN:135,(anonymous_14)
FNF:15
FNH:15
FNDA:98,forever
FNDA:638,matches
FNDA:57,Badges
FNDA:10,choose
FNDA:29,(anonymous_4)
FNDA:464,(anonymous_5)
FNDA:5510,(anonymous_6)
FNDA:638,(anonymous_7)
FNDA:5,(anonymous_8)
FNDA:464,(anonymous_9)
FNDA:5,(anonymous_10)
FNDA:1,(anonymous_11)
FNDA:486,(anonymous_12)
FNDA:3,(anonymous_13)
FNDA:2,(anonymous_14)
DA:33,27
DA:34,27
DA:37,98
DA:41,638
DA:42,114
DA:45,524
DA:46,74
DA:49,450
DA:50,24
DA:53,426
DA:57,57
DA:58,57
DA:60,57
DA:61,57
DA:62,57
DA:63,57
DA:66,10
DA:67,10
DA:70,10
DA:71,1
DA:74,10
DA:77,57
DA:87,5510
DA:88,638
DA:90,29
DA:95,5
DA:98,464
DA:107,5
DA:114,1
DA:126,486
DA:132,3
DA:136,2
DA:137,1
LF:33
LH:33
BRDA:37,0,0,98
BRDA:37,0,1,78
BRDA:41,1,0,114
BRDA:41,1,1,524
BRDA:41,2,0,638
BRDA:41,2,1,132
BRDA:45,3,0,74
BRDA:45,3,1,450
BRDA:49,4,0,24
BRDA:49,4,1,426
BRDA:61,5,0,57
BRDA:61,5,1,51
BRDA:62,6,0,57
BRDA:62,6,1,50
BRDA:70,7,0,1
BRDA:70,7,1,9
BRDA:121,8,0,1
BRDA:121,8,1,28
BRDA:132,9,0,1
BRDA:132,9,1,2
BRDA:136,10,0,1
BRDA:136,10,1,1
BRDA:154,11,0,486
BRDA:154,11,1,462
BRF:24
BRH:24
end_of_record
TN:
SF:src\pages\Calendar.tsx
FN:18,shiftMonth
FN:25,EventChip
FN:41,Day
FN:67,(anonymous_3)
FN:73,(anonymous_4)
FN:78,(anonymous_5)
FN:86,Calendar
FN:98,(anonymous_7)
FN:108,(anonymous_8)
FN:118,(anonymous_9)
FN:122,(anonymous_10)
FN:130,(anonymous_11)
FN:136,(anonymous_12)
FN:156,(anonymous_13)
FN:167,(anonymous_14)
FNF:15
FNH:15
FNDA:3,shiftMonth
FNDA:120,EventChip
FNDA:819,Day
FNDA:2,(anonymous_3)
FNDA:120,(anonymous_4)
FNDA:1,(anonymous_5)
FNDA:55,Calendar
FNDA:22,(anonymous_7)
FNDA:3,(anonymous_8)
FNDA:2,(anonymous_9)
FNDA:1,(anonymous_10)
FNDA:154,(anonymous_11)
FNDA:819,(anonymous_12)
FNDA:7,(anonymous_13)
FNDA:1,(anonymous_14)
DA:14,27
DA:16,27
DA:19,3
DA:20,3
DA:22,3
DA:26,120
DA:28,120
DA:52,819
DA:54,819
DA:55,141
DA:58,678
DA:59,678
DA:60,678
DA:62,678
DA:67,2
DA:74,120
DA:78,1
DA:87,55
DA:88,55
DA:89,55
DA:90,55
DA:91,55
DA:93,55
DA:99,22
DA:100,22
DA:101,22
DA:102,22
DA:104,22
DA:105,126
DA:108,22
DA:109,3
DA:110,3
DA:113,22
DA:115,22
DA:118,2
DA:122,1
DA:131,154
DA:137,819
DA:157,7
DA:167,1
LF:40
LH:40
BRDA:54,0,0,141
BRDA:54,0,1,678
BRDA:77,1,0,678
BRDA:77,1,1,2
BRDA:99,2,0,22
BRDA:99,2,1,8
BRDA:105,3,0,126
BRDA:105,3,1,75
BRDA:113,4,0,19
BRDA:113,4,1,3
BRDA:113,5,0,3
BRDA:113,5,1,1
BRDA:127,6,0,22
BRDA:127,6,1,3
BRDA:142,7,0,141
BRDA:142,7,1,678
BRDA:142,8,0,678
BRDA:142,8,1,603
BRDA:149,9,0,22
BRDA:149,9,1,3
BRDA:152,10,0,1
BRDA:152,10,1,2
BRF:22
BRH:22
end_of_record
TN:
SF:src\pages\CompetitorProfile.tsx
FN:17,countsOf
FN:31,ProfileBody
FN:45,(anonymous_2)
FN:49,(anonymous_3)
FN:51,(anonymous_4)
FN:54,(anonymous_5)
FN:55,(anonymous_6)
FN:59,(anonymous_7)
FN:61,change
FN:100,(anonymous_9)
FN:102,(anonymous_10)
FN:112,(anonymous_11)
FN:114,(anonymous_12)
FN:165,(anonymous_13)
FN:187,CompetitorProfile
FN:195,(anonymous_15)
FN:196,(anonymous_16)
FN:228,(anonymous_17)
FNF:18
FNH:18
FNDA:20,countsOf
FNDA:20,ProfileBody
FNDA:17,(anonymous_2)
FNDA:17,(anonymous_3)
FNDA:20,(anonymous_4)
FNDA:4245,(anonymous_5)
FNDA:3575,(anonymous_6)
FNDA:20,(anonymous_7)
FNDA:3,change
FNDA:2,(anonymous_9)
FNDA:187,(anonymous_10)
FNDA:1,(anonymous_11)
FNDA:100,(anonymous_12)
FNDA:3446,(anonymous_13)
FNDA:57,CompetitorProfile
FNDA:21,(anonymous_15)
FNDA:194,(anonymous_16)
FNDA:23,(anonymous_17)
DA:15,27
DA:18,20
DA:20,20
DA:21,3446
DA:24,20
DA:40,20
DA:41,20
DA:42,20
DA:43,20
DA:45,20
DA:46,17
DA:49,20
DA:51,20
DA:53,20
DA:54,4245
DA:55,3575
DA:59,20
DA:62,3
DA:64,3
DA:65,1
DA:67,2
DA:70,3
DA:73,20
DA:100,2
DA:103,187
DA:112,1
DA:115,100
DA:166,3446
DA:188,57
DA:189,57
DA:190,57
DA:191,57
DA:193,57
DA:196,194
DA:198,21
DA:199,1
DA:202,20
DA:204,20
DA:228,23
LF:39
LH:39
BRDA:21,0,0,3446
BRDA:21,0,1,36
BRDA:42,1,0,20
BRDA:42,1,1,17
BRDA:43,2,0,20
BRDA:43,2,1,19
BRDA:54,3,0,4245
BRDA:54,3,1,687
BRDA:55,4,0,3575
BRDA:55,4,1,229
BRDA:64,5,0,1
BRDA:64,5,1,2
BRDA:89,6,0,1
BRDA:89,6,1,19
BRDA:123,7,0,17
BRDA:123,7,1,3
BRDA:136,8,0,3
BRDA:136,8,1,17
BRDA:138,9,0,1
BRDA:138,9,1,2
BRDA:187,10,0,57
BRDA:190,11,0,57
BRDA:190,11,1,42
BRDA:198,12,0,1
BRDA:198,12,1,20
BRDA:215,13,0,20
BRDA:215,13,1,15
BRF:27
BRH:27
end_of_record
TN:
SF:src\pages\Competitors.tsx
FN:19,CompetitorCards
FN:31,(anonymous_1)
FN:33,(anonymous_2)
FN:37,(anonymous_3)
FN:42,(anonymous_4)
FN:57,(anonymous_5)
FN:68,(anonymous_6)
FN:113,Competitors
FN:127,(anonymous_8)
FN:132,(anonymous_9)
FNF:10
FNH:10
FNDA:16,CompetitorCards
FNDA:5,(anonymous_1)
FNDA:16,(anonymous_2)
FNDA:496,(anonymous_3)
FNDA:322,(anonymous_4)
FNDA:11,(anonymous_5)
FNDA:322,(anonymous_6)
FNDA:26,Competitors
FNDA:16,(anonymous_8)
FNDA:11,(anonymous_9)
DA:30,16
DA:31,16
DA:33,16
DA:34,16
DA:36,16
DA:38,496
DA:42,322
DA:48,16
DA:57,11
DA:69,322
DA:114,26
DA:115,26
DA:116,26
DA:120,26
DA:122,26
DA:128,16
DA:132,11
LF:17
LH:17
BRDA:44,0,0,322
BRDA:44,0,1,10
BRDA:64,1,0,3
BRDA:64,1,1,13
BRDA:116,2,0,26
BRDA:116,2,1,16
BRDA:132,3,0,1
BRDA:132,3,1,10
BRF:8
BRH:8
end_of_record
TN:
SF:src\pages\EventDetail.tsx
FN:12,RaceTable
FN:18,(anonymous_1)
FN:36,(anonymous_2)
FN:37,(anonymous_3)
FN:54,EventDetail
FN:61,(anonymous_5)
FN:62,(anonymous_6)
FNF:7
FNH:7
FNDA:3,RaceTable
FNDA:1,(anonymous_1)
FNDA:1613,(anonymous_2)
FNDA:1,(anonymous_3)
FNDA:9,EventDetail
FNDA:3,(anonymous_5)
FNDA:3490,(anonymous_6)
DA:13,3
DA:14,3
DA:16,3
DA:19,1
DA:36,1613
DA:38,1
DA:55,9
DA:56,9
DA:57,9
DA:59,9
DA:62,3490
DA:64,3
DA:65,1
DA:68,2
LF:14
LH:14
BRDA:64,0,0,1
BRDA:64,0,1,2
BRF:2
BRH:2
end_of_record
TN:
SF:src\pages\Home.tsx
FN:37,Home
FN:50,(anonymous_1)
FN:54,(anonymous_2)
FNF:3
FNH:3
FNDA:292,Home
FNDA:98,(anonymous_1)
FNDA:345156,(anonymous_2)
DA:38,292
DA:39,292
DA:40,292
DA:42,292
DA:53,98
DA:54,345156
DA:57,98
DA:59,98
LF:8
LH:8
BRF:0
BRH:0
end_of_record
TN:
SF:src\pages\LeagueDetail.tsx
FN:16,EditableText
FN:50,(anonymous_1)
FN:60,(anonymous_2)
FN:68,LeagueDetail
FN:84,(anonymous_4)
FN:85,(anonymous_5)
FN:92,(anonymous_6)
FN:93,(anonymous_7)
FN:129,(anonymous_8)
FN:139,(anonymous_9)
FN:161,(anonymous_10)
FNF:11
FNH:11
FNDA:28,EditableText
FNDA:2,(anonymous_1)
FNDA:2,(anonymous_2)
FNDA:41,LeagueDetail
FNDA:14,(anonymous_4)
FNDA:25,(anonymous_5)
FNDA:15431,(anonymous_6)
FNDA:269,(anonymous_7)
FNDA:1,(anonymous_8)
FNDA:1,(anonymous_9)
FNDA:281,(anonymous_10)
DA:31,28
DA:32,28
DA:34,28
DA:35,12
DA:38,16
DA:51,2
DA:52,2
DA:60,2
DA:69,41
DA:70,41
DA:75,41
DA:76,41
DA:80,41
DA:82,41
DA:85,25
DA:87,14
DA:88,1
DA:91,13
DA:92,15431
DA:93,269
DA:95,13
DA:129,1
DA:139,1
DA:162,281
LF:24
LH:24
BRDA:34,0,0,12
BRDA:34,0,1,16
BRDA:34,1,0,28
BRDA:34,1,1,16
BRDA:44,2,0,2
BRDA:44,2,1,14
BRDA:56,3,0,3
BRDA:56,3,1,11
BRDA:59,4,0,28
BRDA:59,4,1,10
BRDA:59,4,2,8
BRDA:87,5,0,1
BRDA:87,5,1,13
BRDA:116,6,0,6
BRDA:116,6,1,7
BRDA:125,7,0,14
BRDA:125,7,1,12
BRDA:135,8,0,14
BRDA:135,8,1,12
BRDA:147,9,0,1
BRDA:147,9,1,12
BRF:21
BRH:21
end_of_record
TN:
SF:src\pages\Leagues.tsx
FN:8,Leagues
FN:18,(anonymous_1)
FN:21,(anonymous_2)
FN:29,(anonymous_3)
FNF:4
FNH:4
FNDA:9,Leagues
FNDA:3,(anonymous_1)
FNDA:7,(anonymous_2)
FNDA:4,(anonymous_3)
DA:9,9
DA:10,9
DA:12,9
DA:21,7
DA:23,3
DA:24,1
DA:27,2
DA:30,4
LF:8
LH:8
BRDA:23,0,0,1
BRDA:23,0,1,2
BRDA:42,1,0,2
BRDA:42,1,1,2
BRF:4
BRH:4
end_of_record
TN:
SF:src\pages\NotFound.tsx
FN:23,NotFound
FNF:1
FNH:1
FNDA:4,NotFound
DA:24,4
DA:26,4
LF:2
LH:2
BRF:0
BRH:0
end_of_record
TN:
SF:src\pages\Placeholder.tsx
FN:9,Placeholder
FNF:1
FNH:1
FNDA:1,Placeholder
DA:10,1
DA:12,1
LF:2
LH:2
BRF:0
BRH:0
end_of_record
TN:
SF:src\pages\Pricing.tsx
FN:14,Pricing
FN:33,(anonymous_1)
FNF:2
FNH:2
FNDA:2,Pricing
FNDA:10,(anonymous_1)
DA:12,27
DA:15,2
DA:16,2
DA:18,2
DA:34,10
LF:5
LH:5
BRDA:38,0,0,10
BRDA:38,0,1,2
BRF:2
BRH:2
end_of_record
TN:
SF:src\pages\Rankings.tsx
FN:31,Standing
FN:46,(anonymous_1)
FN:48,(anonymous_2)
FN:56,(anonymous_3)
FN:56,(anonymous_4)
FN:59,(anonymous_5)
FN:62,(anonymous_6)
FN:76,(anonymous_7)
FN:83,(anonymous_8)
FN:91,(anonymous_9)
FN:92,(anonymous_10)
FN:102,(anonymous_11)
FN:104,(anonymous_12)
FN:118,(anonymous_13)
FN:154,(anonymous_14)
FN:183,Rankings
FN:191,change
FN:210,(anonymous_17)
FNF:18
FNH:18
FNDA:21,Standing
FNDA:9,(anonymous_1)
FNDA:13,(anonymous_2)
FNDA:62,(anonymous_3)
FNDA:42,(anonymous_4)
FNDA:7044,(anonymous_5)
FNDA:21,(anonymous_6)
FNDA:1,(anonymous_7)
FNDA:2,(anonymous_8)
FNDA:1,(anonymous_9)
FNDA:336,(anonymous_10)
FNDA:2,(anonymous_11)
FNDA:84,(anonymous_12)
FNDA:6,(anonymous_13)
FNDA:301,(anonymous_14)
FNDA:39,Rankings
FNDA:12,change
FNDA:21,(anonymous_17)
DA:20,27
DA:42,21
DA:43,21
DA:44,21
DA:46,21
DA:48,21
DA:49,13
DA:50,11
DA:55,2
DA:56,62
DA:59,7044
DA:62,21
DA:63,21
DA:67,21
DA:76,1
DA:83,2
DA:91,1
DA:93,336
DA:102,2
DA:105,84
DA:118,6
DA:155,301
DA:184,39
DA:185,39
DA:189,39
DA:192,12
DA:194,12
DA:195,15
DA:196,4
DA:198,11
DA:202,12
DA:205,39
DA:211,21
LF:33
LH:33
BRDA:49,0,0,11
BRDA:49,0,1,2
BRDA:102,1,0,21
BRDA:102,1,1,20
BRDA:125,2,0,1
BRDA:125,2,1,20
BRDA:157,3,0,56
BRDA:157,3,1,245
BRDA:195,4,0,4
BRDA:195,4,1,11
BRDA:215,5,0,2
BRDA:215,5,1,19
BRDA:216,6,0,21
BRDA:216,6,1,20
BRDA:217,7,0,21
BRDA:217,7,1,14
BRF:16
BRH:16
end_of_record
TN:
SF:src\pages\Registration.tsx
FN:13,Registration
FN:43,(anonymous_1)
FNF:2
FNH:2
FNDA:12,Registration
FNDA:13,(anonymous_1)
DA:14,12
DA:15,12
DA:20,12
DA:24,12
DA:25,3
DA:37,9
DA:38,1
DA:44,13
DA:54,8
LF:9
LH:9
BRDA:24,0,0,3
BRDA:24,0,1,9
BRDA:37,1,0,1
BRDA:37,1,1,8
BRF:4
BRH:4
end_of_record
TN:
SF:src\pages\Rulebook.tsx
FN:26,useCurrentSection
FN:29,(anonymous_1)
FN:37,(anonymous_2)
FN:47,(anonymous_3)
FN:51,(anonymous_4)
FN:57,(anonymous_5)
FN:58,(anonymous_6)
FN:64,(anonymous_7)
FN:77,RulebookPage
FN:81,(anonymous_9)
FN:82,(anonymous_10)
FN:83,(anonymous_11)
FN:86,(anonymous_12)
FN:86,(anonymous_13)
FN:103,(anonymous_14)
FN:103,(anonymous_15)
FN:115,(anonymous_16)
FN:123,(anonymous_17)
FN:134,(anonymous_18)
FN:153,Rulebook
FN:160,(anonymous_20)
FNF:21
FNH:21
FNDA:18,useCurrentSection
FNDA:10,(anonymous_1)
FNDA:4,(anonymous_2)
FNDA:28,(anonymous_3)
FNDA:4,(anonymous_4)
FNDA:57,(anonymous_5)
FNDA:57,(anonymous_6)
FNDA:3,(anonymous_7)
FNDA:18,RulebookPage
FNDA:10,(anonymous_9)
FNDA:10,(anonymous_10)
FNDA:173,(anonymous_11)
FNDA:10,(anonymous_12)
FNDA:173,(anonymous_13)
FNDA:1,(anonymous_14)
FNDA:1,(anonymous_15)
FNDA:308,(anonymous_16)
FNDA:1,(anonymous_17)
FNDA:308,(anonymous_18)
FNDA:36,Rulebook
FNDA:11,(anonymous_20)
DA:12,27
DA:17,27
DA:27,18
DA:29,18
DA:30,10
DA:31,7
DA:32,7
DA:35,3
DA:37,3
DA:39,4
DA:40,5
DA:41,3
DA:43,2
DA:47,28
DA:51,4
DA:56,3
DA:57,57
DA:58,57
DA:60,3
DA:61,57
DA:64,3
DA:67,18
DA:78,18
DA:79,18
DA:81,18
DA:82,18
DA:83,173
DA:86,173
DA:87,18
DA:89,18
DA:103,1
DA:116,308
DA:123,1
DA:135,308
DA:154,36
DA:155,36
DA:156,36
DA:158,36
DA:161,11
DA:163,11
DA:164,1
DA:167,10
LF:42
LH:42
BRDA:30,0,0,7
BRDA:30,0,1,3
BRDA:40,1,0,3
BRDA:40,1,1,2
BRDA:51,2,0,4
BRDA:51,2,1,1
BRDA:110,3,0,1
BRDA:110,3,1,17
BRDA:122,4,0,8
BRDA:122,4,1,300
BRDA:161,5,0,11
BRDA:161,5,1,11
BRDA:163,6,0,1
BRDA:163,6,1,10
BRF:14
BRH:14
end_of_record
TN:
SF:src\pages\StaticPage.tsx
FN:22,StaticPage
FN:29,(anonymous_1)
FN:40,(anonymous_2)
FNF:3
FNH:3
FNDA:36,StaticPage
FNDA:12,(anonymous_1)
FNDA:123,(anonymous_2)
DA:23,36
DA:24,36
DA:25,36
DA:27,36
DA:30,12
DA:32,12
DA:33,1
DA:36,11
DA:41,123
LF:9
LH:9
BRDA:30,0,0,12
BRDA:30,0,1,12
BRDA:32,1,0,1
BRDA:32,1,1,11
BRF:4
BRH:4
end_of_record
TN:
SF:src\pages\TeamDetail.tsx
FN:19,TeamDetail
FN:26,(anonymous_1)
FN:27,(anonymous_2)
FN:33,(anonymous_3)
FN:34,(anonymous_4)
FN:35,(anonymous_5)
FN:83,(anonymous_6)
FNF:7
FNH:7
FNDA:24,TeamDetail
FNDA:8,(anonymous_1)
FNDA:18,(anonymous_2)
FNDA:186,(anonymous_3)
FNDA:29,(anonymous_4)
FNDA:21132,(anonymous_5)
FNDA:29,(anonymous_6)
DA:17,27
DA:20,24
DA:21,24
DA:22,24
DA:24,24
DA:27,18
DA:29,8
DA:30,2
DA:33,186
DA:34,29
DA:35,21132
DA:40,6
DA:42,6
DA:84,29
LF:14
LH:14
BRDA:29,0,0,2
BRDA:29,0,1,6
BRDA:66,1,0,1
BRDA:66,1,1,5
BRDA:86,2,0,15
BRDA:86,2,1,14
BRF:6
BRH:6
end_of_record
TN:
SF:src\pages\Teams.tsx
FN:21,MemberContributions
FN:31,(anonymous_1)
FN:37,(anonymous_2)
FN:40,(anonymous_3)
FN:58,(anonymous_4)
FN:78,Teams
FN:83,(anonymous_6)
FN:84,(anonymous_7)
FN:85,(anonymous_8)
FN:93,(anonymous_9)
FN:121,(anonymous_10)
FN:161,(anonymous_11)
FNF:12
FNH:12
FNDA:13,MemberContributions
FNDA:403,(anonymous_1)
FNDA:63,(anonymous_2)
FNDA:42264,(anonymous_3)
FNDA:63,(anonymous_4)
FNDA:43,Teams
FNDA:9,(anonymous_6)
FNDA:9,(anonymous_7)
FNDA:2,(anonymous_8)
FNDA:21,(anonymous_9)
FNDA:84,(anonymous_10)
FNDA:9,(anonymous_11)
DA:12,27
DA:30,13
DA:31,403
DA:33,13
DA:34,1
DA:37,63
DA:38,12
DA:40,42264
DA:43,12
DA:59,63
DA:79,43
DA:80,43
DA:81,43
DA:83,43
DA:84,9
DA:85,9
DA:88,43
DA:94,21
DA:96,21
DA:122,84
DA:123,84
DA:125,84
DA:161,9
LF:23
LH:23
BRDA:33,0,0,1
BRDA:33,0,1,12
BRDA:85,1,0,2
BRDA:85,1,1,7
BRDA:127,2,0,21
BRDA:127,2,1,63
BRDA:157,3,0,13
BRDA:157,3,1,71
BRDA:163,4,0,13
BRDA:163,4,1,71
BRDA:176,5,0,84
BRDA:176,5,1,13
BRF:12
BRH:12
end_of_record
TN:
SF:src\pages\TopBoards.tsx
FN:79,Board
FN:117,(anonymous_1)
FN:135,nameOf
FN:139,Boards
FN:155,(anonymous_4)
FN:156,(anonymous_5)
FN:161,(anonymous_6)
FN:162,(anonymous_7)
FN:168,(anonymous_8)
FN:173,(anonymous_9)
FN:186,(anonymous_10)
FN:194,(anonymous_11)
FN:207,(anonymous_12)
FN:221,(anonymous_13)
FN:244,(anonymous_14)
FN:262,(anonymous_15)
FN:264,(anonymous_16)
FN:295,(anonymous_17)
FN:296,(anonymous_18)
FN:306,(anonymous_19)
FN:314,TopBoards
FN:319,changeSeason
FN:332,(anonymous_22)
FNF:23
FNH:23
FNDA:220,Board
FNDA:1498,(anonymous_1)
FNDA:1444,nameOf
FNDA:20,Boards
FNDA:16,(anonymous_4)
FNDA:16,(anonymous_5)
FNDA:20,(anonymous_6)
FNDA:1444,(anonymous_7)
FNDA:100,(anonymous_8)
FNDA:825,(anonymous_9)
FNDA:70440,(anonymous_10)
FNDA:173,(anonymous_11)
FNDA:173,(anonymous_12)
FNDA:177,(anonymous_13)
FNDA:96,(anonymous_14)
FNDA:80,(anonymous_15)
FNDA:54,(anonymous_16)
FNDA:2,(anonymous_17)
FNDA:320,(anonymous_18)
FNDA:220,(anonymous_19)
FNDA:52,TopBoards
FNDA:2,changeSeason
FNDA:20,(anonymous_22)
DA:31,27
DA:34,27
DA:42,27
DA:89,220
DA:90,220
DA:91,220
DA:93,220
DA:118,1498
DA:136,1444
DA:152,20
DA:154,20
DA:155,20
DA:156,20
DA:157,20
DA:161,20
DA:162,1444
DA:163,20
DA:168,100
DA:173,825
DA:186,70440
DA:188,20
DA:194,173
DA:207,173
DA:221,177
DA:244,96
DA:262,80
DA:264,54
DA:290,20
DA:295,2
DA:297,320
DA:307,220
DA:315,52
DA:316,52
DA:317,52
DA:320,2
DA:322,2
DA:323,2
DA:326,52
DA:333,20
LF:39
LH:39
BRDA:91,0,0,40
BRDA:91,0,1,180
BRDA:99,1,0,32
BRDA:99,1,1,188
BRDA:107,2,0,188
BRDA:107,2,1,168
BRDA:108,3,0,188
BRDA:108,3,1,57
BRDA:118,4,0,520
BRDA:118,4,1,978
BRDA:123,5,0,1498
BRDA:123,5,1,327
BRDA:157,6,0,6
BRDA:157,6,1,14
BRF:14
BRH:14
end_of_record
TN:
SF:src\pages\competitorFace.ts
FN:4,hueFor
FNF:1
FNH:1
FNDA:327,hueFor
DA:5,327
DA:7,327
DA:8,1962
DA:11,327
LF:4
LH:4
BRF:0
BRH:0
end_of_record
TN:
SF:src\pages\rulebookToc.ts
FN:15,slugify
FN:18,(anonymous_1)
FN:30,tableOfContents
FN:33,(anonymous_3)
FNF:4
FNH:4
FNDA:185,slugify
FNDA:106,(anonymous_1)
FNDA:14,tableOfContents
FNDA:181,(anonymous_3)
DA:6,28
DA:16,185
DA:18,106
DA:31,14
DA:33,14
DA:34,181
DA:35,181
DA:41,181
DA:42,1
DA:45,181
DA:47,181
LF:11
LH:11
BRDA:35,0,0,3
BRDA:35,0,1,178
BRDA:35,1,0,181
BRDA:35,1,1,180
BRF:4
BRH:4
end_of_record
TN:
SF:src\pages\admin\Admin.tsx
FN:24,Admin
FN:34,(anonymous_1)
FN:44,(anonymous_2)
FN:54,(anonymous_3)
FN:79,(anonymous_4)
FNF:5
FNH:5
FNDA:6,Admin
FNDA:18,(anonymous_1)
FNDA:9,(anonymous_2)
FNDA:2,(anonymous_3)
FNDA:6,(anonymous_4)
DA:18,27
DA:25,6
DA:26,6
DA:32,6
DA:33,6
DA:34,18
DA:39,6
DA:44,9
DA:46,6
DA:55,2
DA:57,2
DA:80,6
LF:12
LH:12
BRF:0
BRH:0
end_of_record
TN:
SF:src\pages\admin\AdminBadges.tsx
FN:11,AdminBadges
FN:30,(anonymous_1)
FN:39,(anonymous_2)
FN:51,(anonymous_3)
FN:66,(anonymous_4)
FN:75,(anonymous_5)
FN:94,(anonymous_6)
FN:96,(anonymous_7)
FN:110,(anonymous_8)
FN:119,(anonymous_9)
FN:128,(anonymous_10)
FNF:11
FNH:11
FNDA:53,AdminBadges
FNDA:4,(anonymous_1)
FNDA:4,(anonymous_2)
FNDA:22,(anonymous_3)
FNDA:489,(anonymous_4)
FNDA:3,(anonymous_5)
FNDA:2,(anonymous_6)
FNDA:672,(anonymous_7)
FNDA:3,(anonymous_8)
FNDA:2,(anonymous_9)
FNDA:1,(anonymous_10)
DA:12,53
DA:13,53
DA:14,53
DA:15,53
DA:16,53
DA:23,53
DA:24,11
DA:30,4
DA:35,42
DA:39,4
DA:52,22
DA:54,22
DA:67,489
DA:75,3
DA:94,2
DA:97,672
DA:110,3
DA:119,2
DA:128,1
LF:19
LH:19
BRDA:23,0,0,11
BRDA:23,0,1,42
BRF:2
BRH:2
end_of_record
TN:
SF:src\pages\admin\AdminEvents.tsx
FN:16,AdminEvents
FN:32,(anonymous_1)
FN:37,(anonymous_2)
FN:43,(anonymous_3)
FN:44,(anonymous_4)
FN:45,(anonymous_5)
FN:50,(anonymous_6)
FN:58,(anonymous_7)
FN:80,(anonymous_8)
FN:110,(anonymous_9)
FNF:10
FNH:10
FNDA:29,AdminEvents
FNDA:19,(anonymous_1)
FNDA:1,(anonymous_2)
FNDA:16618,(anonymous_3)
FNDA:8624,(anonymous_4)
FNDA:4524,(anonymous_5)
FNDA:2,(anonymous_6)
FNDA:7,(anonymous_7)
FNDA:735,(anonymous_8)
FNDA:2,(anonymous_9)
DA:17,29
DA:18,29
DA:19,29
DA:20,29
DA:21,29
DA:22,29
DA:24,29
DA:33,19
DA:35,19
DA:36,5
DA:37,1
DA:41,14
DA:42,14
DA:43,16618
DA:44,8624
DA:45,4524
DA:48,14
DA:50,2
DA:58,7
DA:81,735
DA:110,2
LF:21
LH:21
BRDA:35,0,0,5
BRDA:35,0,1,14
BRDA:43,1,0,8309
BRDA:43,1,1,8309
BRF:4
BRH:4
end_of_record
TN:
SF:src\pages\admin\AdminLeagues.tsx
FN:15,AdminLeagues
FN:29,(anonymous_1)
FN:34,(anonymous_2)
FN:40,(anonymous_3)
FN:55,(anonymous_4)
FN:79,(anonymous_5)
FNF:6
FNH:6
FNDA:24,AdminLeagues
FNDA:12,(anonymous_1)
FNDA:1,(anonymous_2)
FNDA:2,(anonymous_3)
FNDA:21,(anonymous_4)
FNDA:2,(anonymous_5)
DA:16,24
DA:17,24
DA:18,24
DA:19,24
DA:21,24
DA:30,12
DA:32,12
DA:33,5
DA:34,1
DA:38,7
DA:40,2
DA:56,21
DA:79,2
LF:13
LH:13
BRDA:32,0,0,5
BRDA:32,0,1,7
BRDA:67,1,0,7
BRDA:67,1,1,14
BRDA:73,2,0,14
BRDA:73,2,1,7
BRF:6
BRH:6
end_of_record
TN:
SF:src\pages\admin\AdminMembers.tsx
FN:20,AdminMembers
FN:36,(anonymous_1)
FN:50,(anonymous_2)
FN:56,(anonymous_3)
FN:64,(anonymous_4)
FN:71,(anonymous_5)
FN:93,(anonymous_6)
FN:121,(anonymous_7)
FNF:8
FNH:8
FNDA:97,AdminMembers
FNDA:55,(anonymous_1)
FNDA:7,(anonymous_2)
FNDA:1121,(anonymous_3)
FNDA:8,(anonymous_4)
FNDA:6,(anonymous_5)
FNDA:1069,(anonymous_6)
FNDA:3,(anonymous_7)
DA:21,97
DA:22,97
DA:23,97
DA:24,97
DA:25,97
DA:26,97
DA:28,97
DA:37,55
DA:39,55
DA:40,19
DA:50,7
DA:55,36
DA:56,36
DA:57,1121
DA:62,36
DA:64,8
DA:71,6
DA:94,1069
DA:121,3
LF:19
LH:19
BRDA:39,0,0,19
BRDA:39,0,1,36
BRF:2
BRH:2
end_of_record
TN:
SF:src\pages\admin\AdminModerators.tsx
FN:31,AdminModerators
FN:46,(anonymous_1)
FN:54,(anonymous_2)
FN:61,(anonymous_3)
FN:80,(anonymous_4)
FN:116,(anonymous_5)
FNF:6
FNH:6
FNDA:57,AdminModerators
FNDA:29,(anonymous_1)
FNDA:3,(anonymous_2)
FNDA:3,(anonymous_3)
FNDA:85,(anonymous_4)
FNDA:3,(anonymous_5)
DA:32,57
DA:33,57
DA:34,57
DA:35,57
DA:36,57
DA:38,57
DA:47,29
DA:49,29
DA:50,8
DA:54,3
DA:59,21
DA:61,3
DA:81,85
DA:116,3
LF:14
LH:14
BRDA:49,0,0,8
BRDA:49,0,1,21
BRDA:107,1,0,18
BRDA:107,1,1,67
BRF:4
BRH:4
end_of_record
TN:
SF:src\pages\admin\AdminPages.tsx
FN:31,pageRows
FN:32,(anonymous_1)
FN:50,takenIn
FN:51,(anonymous_3)
FN:54,AdminPages
FN:68,(anonymous_5)
FN:80,(anonymous_6)
FN:81,(anonymous_7)
FN:88,(anonymous_8)
FN:103,(anonymous_9)
FN:127,(anonymous_10)
FNF:11
FNH:11
FNDA:20,pageRows
FNDA:110,(anonymous_1)
FNDA:20,takenIn
FNDA:110,(anonymous_3)
FNDA:38,AdminPages
FNDA:20,(anonymous_5)
FNDA:44,(anonymous_6)
FNDA:2,(anonymous_7)
FNDA:3,(anonymous_8)
FNDA:68,(anonymous_9)
FNDA:3,(anonymous_10)
DA:32,20
DA:33,110
DA:35,110
DA:51,110
DA:55,38
DA:56,38
DA:57,38
DA:58,38
DA:60,38
DA:69,20
DA:70,20
DA:72,20
DA:73,8
DA:80,44
DA:81,2
DA:86,12
DA:88,3
DA:104,68
DA:127,3
LF:19
LH:19
BRDA:33,0,0,110
BRDA:33,0,1,2
BRDA:51,1,0,110
BRDA:51,1,1,92
BRDA:72,2,0,8
BRDA:72,2,1,12
BRDA:114,3,0,11
BRDA:114,3,1,57
BRF:8
BRH:8
end_of_record
TN:
SF:src\pages\admin\AdminPricing.tsx
FN:30,AdminPricing
FN:42,(anonymous_1)
FN:47,(anonymous_2)
FN:75,(anonymous_3)
FN:85,(anonymous_4)
FN:104,period
FN:109,day
FNF:7
FNH:7
FNDA:10,AdminPricing
FNDA:1,(anonymous_1)
FNDA:40,(anonymous_2)
FNDA:40,(anonymous_3)
FNDA:1,(anonymous_4)
FNDA:40,period
FNDA:64,day
DA:28,27
DA:31,10
DA:32,10
DA:33,10
DA:35,10
DA:36,2
DA:42,1
DA:47,40
DA:51,8
DA:53,8
DA:76,40
DA:85,1
DA:105,40
DA:110,64
DA:112,64
LF:15
LH:15
BRDA:35,0,0,2
BRDA:35,0,1,8
BRDA:81,1,0,32
BRDA:81,1,1,8
BRDA:105,2,0,8
BRDA:105,2,1,32
BRF:6
BRH:6
end_of_record
TN:
SF:src\pages\admin\AdminRaces.tsx
FN:28,eventOptions
FN:30,(anonymous_1)
FN:31,(anonymous_2)
FN:34,AdminRaces
FN:49,(anonymous_4)
FN:58,(anonymous_5)
FN:63,(anonymous_6)
FN:65,(anonymous_7)
FN:72,(anonymous_8)
FN:80,(anonymous_9)
FN:108,(anonymous_10)
FN:128,(anonymous_11)
FNF:12
FNH:12
FNDA:8,eventOptions
FNDA:42960,(anonymous_1)
FNDA:9496,(anonymous_2)
FNDA:47,AdminRaces
FNDA:29,(anonymous_4)
FNDA:2,(anonymous_5)
FNDA:24927,(anonymous_6)
FNDA:32262,(anonymous_7)
FNDA:4,(anonymous_8)
FNDA:10,(anonymous_9)
FNDA:721,(anonymous_10)
FNDA:2,(anonymous_11)
DA:20,27
DA:29,8
DA:30,42960
DA:31,9496
DA:35,47
DA:36,47
DA:37,47
DA:38,47
DA:39,47
DA:41,47
DA:50,29
DA:52,29
DA:53,8
DA:58,2
DA:63,24927
DA:64,21
DA:65,21
DA:66,32262
DA:68,21
DA:70,21
DA:72,4
DA:80,10
DA:109,721
DA:128,2
LF:24
LH:24
BRDA:52,0,0,8
BRDA:52,0,1,21
BRDA:66,1,0,32262
BRDA:66,1,1,1
BRDA:90,2,0,21
BRDA:90,2,1,12
BRDA:110,3,0,721
BRDA:110,3,1,1
BRF:8
BRH:8
end_of_record
TN:
SF:src\pages\admin\AdminTeams.tsx
FN:20,organizerOptions
FN:21,(anonymous_1)
FN:27,AdminTeams
FN:41,(anonymous_3)
FN:50,(anonymous_4)
FN:57,(anonymous_5)
FN:72,(anonymous_6)
FN:73,(anonymous_7)
FN:74,(anonymous_8)
FN:107,(anonymous_9)
FNF:10
FNH:10
FNDA:9,organizerOptions
FNDA:279,(anonymous_1)
FNDA:47,AdminTeams
FNDA:25,(anonymous_3)
FNDA:2,(anonymous_4)
FNDA:3,(anonymous_5)
FNDA:63,(anonymous_6)
FNDA:1953,(anonymous_7)
FNDA:639,(anonymous_8)
FNDA:3,(anonymous_9)
DA:21,279
DA:28,47
DA:29,47
DA:30,47
DA:31,47
DA:33,47
DA:42,25
DA:44,25
DA:45,9
DA:50,2
DA:55,16
DA:57,3
DA:73,1953
DA:74,63
DA:75,639
DA:78,63
DA:107,3
LF:17
LH:17
BRDA:44,0,0,9
BRDA:44,0,1,16
BRDA:98,1,0,16
BRDA:98,1,1,47
BRF:4
BRH:4
end_of_record
TN:
SF:src\pages\admin\EditableCell.tsx
FN:12,EditableCell
FN:33,(anonymous_1)
FN:48,(anonymous_2)
FN:52,(anonymous_3)
FNF:4
FNH:4
FNDA:3735,EditableCell
FNDA:4,(anonymous_1)
FNDA:3,(anonymous_2)
FNDA:43,(anonymous_3)
DA:23,3735
DA:24,3735
DA:25,3735
DA:26,3735
DA:28,3735
DA:29,3731
DA:33,4
DA:41,4
DA:49,3
DA:50,3
DA:53,43
DA:54,1
DA:57,43
DA:58,1
LF:14
LH:14
BRDA:26,0,0,3735
BRDA:26,0,1,3721
BRDA:28,1,0,3731
BRDA:28,1,1,4
BRDA:53,2,0,1
BRDA:53,2,1,42
BRDA:57,3,0,1
BRDA:57,3,1,42
BRF:8
BRH:8
end_of_record
TN:
SF:src\pages\admin\Entities.tsx
FN:16,Entities
FNF:1
FNH:1
FNDA:10,Entities
DA:17,10
DA:18,10
DA:19,10
DA:21,10
LF:4
LH:4
BRDA:21,0,0,1
BRDA:21,0,1,9
BRF:2
BRH:2
end_of_record
TN:
SF:src\pages\admin\EntityEditor.tsx
FN:21,EntityEditor
FN:55,(anonymous_1)
FN:59,handleSubmit
FN:86,(anonymous_3)
FN:93,(anonymous_4)
FN:114,(anonymous_5)
FN:131,(anonymous_6)
FN:156,EntityBar
FN:194,RowActions
FN:214,deleteRow
FN:234,OpenRecord
FN:268,DeleteRecord
FN:278,(anonymous_12)
FN:299,(anonymous_13)
FNF:14
FNH:14
FNDA:75,EntityEditor
FNDA:75,(anonymous_1)
FNDA:24,handleSubmit
FNDA:150,(anonymous_3)
FNDA:2,(anonymous_4)
FNDA:106,(anonymous_5)
FNDA:33,(anonymous_6)
FNDA:169,EntityBar
FNDA:3253,RowActions
FNDA:5,deleteRow
FNDA:3293,OpenRecord
FNDA:3260,DeleteRecord
FNDA:6,(anonymous_12)
FNDA:1,(anonymous_13)
DA:44,75
DA:45,75
DA:46,75
DA:47,75
DA:48,75
DA:55,75
DA:56,75
DA:60,24
DA:62,24
DA:63,12
DA:65,12
DA:68,24
DA:71,75
DA:72,24
DA:87,150
DA:94,2
DA:112,51
DA:114,106
DA:116,75
DA:131,33
DA:154,27
DA:166,169
DA:168,169
DA:206,3253
DA:207,3253
DA:215,5
DA:217,5
DA:218,4
DA:221,5
DA:224,3253
DA:235,3293
DA:237,3293
DA:269,3260
DA:270,3260
DA:272,3260
DA:273,3253
DA:278,6
DA:285,7
DA:299,1
LF:39
LH:39
BRDA:24,0,0,75
BRDA:25,1,0,75
BRDA:62,2,0,12
BRDA:62,2,1,12
BRDA:63,3,0,12
BRDA:63,3,1,9
BRDA:71,4,0,24
BRDA:71,4,1,51
BRDA:93,5,0,24
BRDA:93,5,1,22
BRDA:112,6,0,29
BRDA:112,6,1,22
BRDA:125,7,0,29
BRDA:125,7,1,22
BRDA:129,8,0,29
BRDA:129,8,1,22
BRDA:217,9,0,4
BRDA:217,9,1,1
BRDA:272,10,0,3253
BRDA:272,10,1,7
BRF:20
BRH:20
end_of_record
TN:
SF:src\pages\admin\Guard.tsx
FN:28,Guard
FNF:1
FNH:1
FNDA:266,Guard
DA:29,266
DA:30,266
DA:31,266
DA:33,266
LF:4
LH:4
BRDA:33,0,0,227
BRDA:33,0,1,39
BRF:2
BRH:2
end_of_record
TN:
SF:src\pages\admin\Payments.tsx
FN:45,Payments
FN:67,(anonymous_1)
FN:86,(anonymous_2)
FN:93,(anonymous_3)
FN:116,(anonymous_4)
FN:134,(anonymous_5)
FN:141,(anonymous_6)
FN:148,(anonymous_7)
FN:167,(anonymous_8)
FN:179,(anonymous_9)
FN:202,(anonymous_10)
FNF:11
FNH:11
FNDA:55,Payments
FNDA:31,(anonymous_1)
FNDA:10,(anonymous_2)
FNDA:10,(anonymous_3)
FNDA:74,(anonymous_4)
FNDA:8,(anonymous_5)
FNDA:2,(anonymous_6)
FNDA:5,(anonymous_7)
FNDA:3,(anonymous_8)
FNDA:1,(anonymous_9)
FNDA:19,(anonymous_10)
DA:46,55
DA:47,55
DA:48,55
DA:49,55
DA:52,55
DA:54,55
DA:56,55
DA:68,31
DA:69,31
DA:86,31
DA:87,10
DA:93,10
DA:96,31
DA:117,74
DA:134,8
DA:141,2
DA:148,5
DA:171,3
DA:177,3
DA:179,1
DA:203,19
DA:205,19
LF:22
LH:22
BRDA:93,0,0,1
BRDA:93,0,1,9
BRDA:102,1,0,1
BRDA:102,1,1,30
BRDA:164,2,0,31
BRDA:164,2,1,5
BRDA:183,3,0,31
BRDA:183,3,1,13
BRDA:212,4,0,4
BRDA:212,4,1,15
BRDA:226,5,0,4
BRDA:226,5,1,15
BRF:12
BRH:12
end_of_record
TN:
SF:src\pages\admin\PendingQueue.tsx
FN:47,handsBack
FN:73,EditableBody
FN:86,(anonymous_2)
FN:97,(anonymous_3)
FN:104,PendingQueue
FN:130,(anonymous_5)
FN:134,(anonymous_6)
FN:138,(anonymous_7)
FN:145,(anonymous_8)
FN:175,(anonymous_9)
FN:193,(anonymous_10)
FN:215,(anonymous_11)
FN:244,(anonymous_12)
FN:269,(anonymous_13)
FN:279,(anonymous_14)
FN:305,(anonymous_15)
FN:328,(anonymous_16)
FN:365,(anonymous_17)
FNF:18
FNH:18
FNDA:204,handsBack
FNDA:11,EditableBody
FNDA:1,(anonymous_2)
FNDA:1,(anonymous_3)
FNDA:117,PendingQueue
FNDA:112,(anonymous_5)
FNDA:224,(anonymous_6)
FNDA:2,(anonymous_7)
FNDA:14,(anonymous_8)
FNDA:58,(anonymous_9)
FNDA:112,(anonymous_10)
FNDA:38,(anonymous_11)
FNDA:2,(anonymous_12)
FNDA:6,(anonymous_13)
FNDA:10,(anonymous_14)
FNDA:1,(anonymous_15)
FNDA:10,(anonymous_16)
FNDA:14,(anonymous_17)
DA:48,204
DA:51,27
DA:74,11
DA:75,11
DA:76,11
DA:77,11
DA:79,11
DA:80,1
DA:87,1
DA:88,1
DA:94,10
DA:97,1
DA:105,117
DA:106,117
DA:109,117
DA:110,117
DA:112,117
DA:125,117
DA:126,117
DA:130,117
DA:131,112
DA:134,224
DA:138,117
DA:145,117
DA:146,14
DA:147,2
DA:150,12
DA:151,1
DA:154,11
DA:157,117
DA:160,117
DA:162,117
DA:176,58
DA:177,58
DA:179,58
DA:194,112
DA:216,38
DA:245,2
DA:257,2
DA:258,1
DA:267,2
DA:270,6
DA:271,6
DA:280,10
DA:306,1
DA:328,10
DA:366,14
LF:47
LH:47
BRDA:48,0,0,204
BRDA:48,0,1,94
BRDA:77,1,0,11
BRDA:77,1,1,10
BRDA:79,2,0,1
BRDA:79,2,1,10
BRDA:138,3,0,2
BRDA:138,3,1,1
BRDA:146,4,0,2
BRDA:146,4,1,12
BRDA:150,5,0,1
BRDA:150,5,1,11
BRDA:150,6,0,12
BRDA:150,6,1,1
BRDA:185,7,0,1
BRDA:185,7,1,57
BRDA:206,8,0,8
BRDA:206,8,1,104
BRDA:223,9,0,10
BRDA:223,9,1,102
BRDA:233,10,0,10
BRDA:233,10,1,102
BRDA:240,11,0,5
BRDA:240,11,1,5
BRDA:257,12,0,1
BRDA:257,12,1,1
BRDA:287,13,0,2
BRDA:287,13,1,8
BRDA:293,14,0,10
BRDA:293,14,1,92
BRDA:301,15,0,102
BRDA:301,15,1,11
BRDA:323,16,0,102
BRDA:323,16,1,81
BRDA:323,16,2,80
BRDA:339,17,0,102
BRDA:339,17,1,81
BRDA:339,17,2,1
BRDA:349,18,0,58
BRDA:349,18,1,13
BRDA:359,19,0,13
BRDA:359,19,1,12
BRDA:373,20,0,14
BRDA:373,20,1,13
BRF:44
BRH:44
end_of_record
TN:
SF:src\pages\admin\QueueMeta.tsx
FN:17,QueueMeta
FNF:1
FNH:1
FNDA:264,QueueMeta
DA:18,264
DA:19,264
DA:21,264
LF:3
LH:3
BRF:0
BRH:0
end_of_record
TN:
SF:src\pages\admin\ReviewQueue.tsx
FN:23,ReviewQueue
FN:29,(anonymous_1)
FN:30,(anonymous_2)
FN:72,(anonymous_3)
FN:94,(anonymous_4)
FN:100,(anonymous_5)
FN:108,(anonymous_6)
FN:132,(anonymous_7)
FN:144,(anonymous_8)
FN:155,(anonymous_9)
FN:178,(anonymous_10)
FNF:11
FNH:11
FNDA:92,ReviewQueue
FNDA:85,(anonymous_1)
FNDA:85,(anonymous_2)
FNDA:83,(anonymous_3)
FNDA:2,(anonymous_4)
FNDA:2,(anonymous_5)
FNDA:4,(anonymous_6)
FNDA:70,(anonymous_7)
FNDA:2,(anonymous_8)
FNDA:1,(anonymous_9)
FNDA:2,(anonymous_10)
DA:24,92
DA:25,92
DA:26,92
DA:27,92
DA:29,92
DA:30,92
DA:32,92
DA:73,83
DA:95,2
DA:100,2
DA:109,4
DA:110,4
DA:132,70
DA:145,2
DA:146,2
DA:147,2
DA:155,1
DA:179,2
LF:18
LH:18
BRDA:44,0,0,9
BRDA:44,0,1,83
BRDA:100,1,0,1
BRDA:100,1,1,1
BRDA:124,2,0,92
BRDA:124,2,1,74
BRDA:163,3,0,92
BRDA:163,3,1,2
BRF:8
BRH:8
end_of_record
TN:
SF:src\pages\admin\RightsMatrix.tsx
FN:33,RightsMatrix
FN:46,(anonymous_1)
FN:58,(anonymous_2)
FN:66,(anonymous_3)
FN:83,(anonymous_4)
FN:96,(anonymous_5)
FNF:6
FNH:6
FNDA:21,RightsMatrix
FNDA:42,(anonymous_1)
FNDA:336,(anonymous_2)
FNDA:85,(anonymous_3)
FNDA:1360,(anonymous_4)
FNDA:4,(anonymous_5)
DA:34,21
DA:35,21
DA:37,21
DA:47,42
DA:59,336
DA:67,85
DA:68,85
DA:70,85
DA:84,1360
DA:96,4
LF:10
LH:10
BRDA:79,0,0,18
BRDA:79,0,1,67
BRDA:87,1,0,85
BRDA:87,1,1,1275
BRF:4
BRH:4
end_of_record
TN:
SF:src\pages\admin\SectionNav.tsx
FN:37,Section
FN:81,(anonymous_1)
FN:91,(anonymous_2)
FN:163,VerificationSection
FN:173,(anonymous_4)
FN:182,(anonymous_5)
FN:217,EntitiesSection
FN:225,(anonymous_7)
FNF:8
FNH:8
FNDA:321,Section
FNDA:4,(anonymous_1)
FNDA:2530,(anonymous_2)
FNDA:184,VerificationSection
FNDA:18,(anonymous_4)
FNDA:1451,(anonymous_5)
FNDA:128,EntitiesSection
FNDA:1007,(anonymous_7)
DA:56,321
DA:57,321
DA:63,321
DA:64,321
DA:65,321
DA:67,321
DA:81,4
DA:92,2530
DA:164,184
DA:165,184
DA:166,184
DA:167,184
DA:172,184
DA:173,18
DA:178,184
DA:182,1451
DA:218,128
DA:219,128
DA:221,128
DA:225,1007
LF:20
LH:20
BRDA:81,0,0,1
BRDA:81,0,1,3
BRDA:88,1,0,3
BRDA:88,1,1,318
BRDA:104,2,0,1047
BRDA:104,2,1,1483
BRDA:110,3,0,2530
BRDA:110,3,1,1483
BRDA:118,4,0,586
BRDA:118,4,1,897
BRDA:193,5,0,2
BRDA:193,5,1,182
BRF:12
BRH:12
end_of_record
TN:
SF:src\pages\admin\SendBack.tsx
FN:20,SendBack
FN:58,(anonymous_1)
FN:75,(anonymous_2)
FN:83,(anonymous_3)
FNF:4
FNH:4
FNDA:181,SendBack
FNDA:15,(anonymous_1)
FNDA:166,(anonymous_2)
FNDA:5,(anonymous_3)
DA:49,181
DA:50,181
DA:51,181
DA:58,181
DA:59,15
DA:62,181
DA:64,181
DA:75,166
DA:83,5
LF:9
LH:9
BRDA:21,0,0,181
BRDA:62,1,0,83
BRDA:62,1,1,98
BRDA:65,2,0,181
BRDA:65,2,1,83
BRDA:66,3,0,181
BRDA:66,3,1,98
BRF:7
BRH:7
end_of_record
TN:
SF:src\pages\admin\Verification.tsx
FN:18,Verification
FNF:1
FNH:1
FNDA:10,Verification
DA:19,10
DA:20,10
DA:21,10
DA:23,10
LF:4
LH:4
BRDA:23,0,0,1
BRDA:23,0,1,9
BRF:2
BRH:2
end_of_record
TN:
SF:src\pages\admin\entityForms.ts
FN:139,(anonymous_0)
FN:256,namesItself
FN:257,(anonymous_2)
FN:269,idFor
FN:297,takenIdentity
FN:310,recordFrom
FN:347,recordsOf
FN:352,(anonymous_7)
FN:354,(anonymous_8)
FN:362,(anonymous_9)
FN:362,(anonymous_10)
FNF:11
FNH:11
FNDA:59,(anonymous_0)
FNDA:39,namesItself
FNDA:212,(anonymous_2)
FNDA:12,idFor
FNDA:33,takenIdentity
FNDA:37,recordFrom
FNDA:255,recordsOf
FNDA:37,(anonymous_7)
FNDA:142459,(anonymous_8)
FNDA:71215,(anonymous_9)
FNDA:71244,(anonymous_10)
DA:106,28
DA:116,28
DA:132,28
DA:142,59
DA:143,59
DA:144,59
DA:146,59
DA:158,28
DA:170,28
DA:179,28
DA:192,28
DA:205,28
DA:229,28
DA:240,28
DA:257,212
DA:275,12
DA:276,6
DA:279,6
DA:302,33
DA:304,33
DA:311,37
DA:313,37
DA:314,283
DA:319,37
DA:320,2
DA:323,37
DA:325,37
DA:352,255
DA:353,255
DA:354,142459
DA:362,71215
DA:363,71244
LF:32
LH:32
BRDA:144,0,0,35
BRDA:144,0,1,24
BRDA:152,1,0,35
BRDA:152,1,1,24
BRDA:275,2,0,6
BRDA:275,2,1,6
BRDA:279,3,0,1
BRDA:279,3,1,5
BRDA:302,4,0,33
BRDA:302,4,1,29
BRDA:304,5,0,1
BRDA:304,5,1,32
BRDA:304,6,0,33
BRDA:304,6,1,4
BRDA:319,7,0,37
BRDA:319,7,1,35
BRDA:352,8,0,255
BRDA:352,8,1,217
BRDA:353,9,0,255
BRDA:353,9,1,246
BRF:20
BRH:20
end_of_record
TN:
SF:src\pages\admin\entityList.ts
FNF:0
FNH:0
DA:16,1
LF:1
LH:1
BRF:0
BRH:0
end_of_record
TN:
SF:src\pages\admin\mayOpen.ts
FN:25,useMayOpen
FN:29,(anonymous_1)
FN:42,usePermittedQueues
FN:45,(anonymous_3)
FN:45,(anonymous_4)
FN:60,usePermittedEntities
FN:63,(anonymous_6)
FN:64,(anonymous_7)
FNF:8
FNH:8
FNDA:1638,useMayOpen
FNDA:11550,(anonymous_1)
FNDA:790,usePermittedQueues
FNDA:209,(anonymous_3)
FNDA:1672,(anonymous_4)
FNDA:138,usePermittedEntities
FNDA:96,(anonymous_6)
FNDA:864,(anonymous_7)
DA:26,1638
DA:27,1638
DA:29,1638
DA:31,11550
DA:35,11550
DA:43,790
DA:45,1672
DA:61,138
DA:63,138
DA:64,864
LF:10
LH:10
BRDA:35,0,0,11550
BRDA:35,0,1,3806
BRDA:64,1,0,864
BRDA:64,1,1,768
BRF:4
BRH:4
end_of_record
TN:
SF:src\pages\admin\memberNumbers.ts
FN:44,takenMemberNumbers
FN:53,(anonymous_1)
FN:60,(anonymous_2)
FN:61,(anonymous_3)
FN:67,handOutMemberNumber
FNF:5
FNH:5
FNDA:36,takenMemberNumbers
FNDA:913,(anonymous_1)
FNDA:12,(anonymous_2)
FNDA:12,(anonymous_3)
FNDA:13,handOutMemberNumber
DA:53,36
DA:54,913
DA:59,36
DA:60,12
DA:61,12
DA:63,36
DA:71,13
LF:7
LH:7
BRF:0
BRH:0
end_of_record
TN:
SF:src\pages\admin\needs.ts
FN:54,(anonymous_0)
FN:62,(anonymous_1)
FN:68,needFor
FN:85,mayOpen
FN:95,(anonymous_4)
FN:99,(anonymous_5)
FNF:6
FNH:6
FNDA:243,(anonymous_0)
FNDA:216,(anonymous_1)
FNDA:12814,needFor
FNDA:5007,mayOpen
FNDA:441,(anonymous_4)
FNDA:494,(anonymous_5)
DA:42,27
DA:51,27
DA:54,243
DA:62,216
DA:69,12814
DA:86,5007
DA:87,28
DA:90,4979
DA:91,135
DA:94,4844
DA:95,441
DA:98,4490
DA:99,494
DA:102,4137
LF:14
LH:14
BRDA:56,0,0,27
BRDA:56,0,1,216
BRDA:86,1,0,28
BRDA:86,1,1,4979
BRDA:90,2,0,135
BRDA:90,2,1,4844
BRDA:94,3,0,354
BRDA:94,3,1,4490
BRDA:98,4,0,353
BRDA:98,4,1,4137
BRDA:102,5,0,4137
BRDA:102,5,1,4136
BRF:12
BRH:12
end_of_record
TN:
SF:src\pages\admin\overlay.ts
FN:17,useOverlay
FN:20,(anonymous_1)
FNF:2
FNH:2
FNDA:402,useOverlay
FNDA:123,(anonymous_1)
DA:18,402
DA:20,402
LF:2
LH:2
BRF:0
BRH:0
end_of_record
TN:
SF:src\pages\admin\pending.ts
FN:71,(anonymous_0)
FN:76,waitingIn
FN:81,(anonymous_2)
FN:85,settledIn
FN:90,(anonymous_4)
FNF:5
FNH:5
FNDA:952,(anonymous_0)
FNDA:6345,waitingIn
FNDA:49761,(anonymous_2)
FNDA:89,settledIn
FNDA:1497,(anonymous_4)
DA:25,28
DA:71,952
DA:81,49761
DA:90,1497
LF:4
LH:4
BRDA:81,0,0,49761
BRDA:81,0,1,6252
BRDA:90,1,0,1497
BRDA:90,1,1,219
BRF:4
BRH:4
end_of_record
TN:
SF:src\pages\admin\queues.ts
FN:119,(anonymous_0)
FN:138,canSendBack
FN:182,countsFor
FN:202,totalWaiting
FN:205,(anonymous_4)
FNF:5
FNH:5
FNDA:224,(anonymous_0)
FNDA:165,canSendBack
FNDA:782,countsFor
FNDA:592,totalWaiting
FNDA:4589,(anonymous_4)
DA:55,28
DA:57,28
DA:118,28
DA:119,224
DA:139,165
DA:183,782
DA:185,782
DA:186,6256
DA:189,782
DA:191,782
DA:203,592
DA:205,4589
LF:12
LH:12
BRDA:139,0,0,165
BRDA:139,0,1,54
BRDA:202,1,0,592
BRF:3
BRH:3
end_of_record
TN:
SF:src\pages\admin\rights.ts
FN:71,(anonymous_0)
FN:73,(anonymous_1)
FN:80,(anonymous_2)
FN:98,(anonymous_3)
FN:103,(anonymous_4)
FN:116,(anonymous_5)
FN:128,allowed
FN:134,grantedCount
FN:135,(anonymous_8)
FN:157,useMay
FN:161,(anonymous_10)
FNF:11
FNH:11
FNDA:243,(anonymous_0)
FNDA:216,(anonymous_1)
FNDA:216,(anonymous_2)
FNDA:54,(anonymous_3)
FNDA:432,(anonymous_4)
FNDA:27,(anonymous_5)
FNDA:6923,allowed
FNDA:237,grantedCount
FNDA:3792,(anonymous_8)
FNDA:1945,useMay
FNDA:4162,(anonymous_10)
DA:71,27
DA:72,243
DA:73,216
DA:80,216
DA:92,27
DA:98,54
DA:102,27
DA:103,432
DA:115,27
DA:116,27
DA:129,6923
DA:135,3792
DA:158,1945
DA:159,1945
DA:161,1945
DA:163,4162
DA:164,2373
DA:167,1789
LF:18
LH:18
BRDA:129,0,0,6923
BRDA:129,0,1,6890
BRDA:163,1,0,2373
BRDA:163,1,1,1789
BRDA:167,2,0,1789
BRDA:167,2,1,1771
BRF:6
BRH:6
end_of_record
TN:
SF:src\pages\home\Calculator.tsx
FN:6,seconds
FN:16,Calculator
FN:47,(anonymous_2)
FN:57,(anonymous_3)
FN:67,(anonymous_4)
FN:76,(anonymous_5)
FN:85,(anonymous_6)
FN:95,(anonymous_7)
FNF:8
FNH:8
FNDA:114,seconds
FNDA:114,Calculator
FNDA:3,(anonymous_2)
FNDA:4,(anonymous_3)
FNDA:4,(anonymous_4)
FNDA:1,(anonymous_5)
FNDA:2,(anonymous_6)
FNDA:2,(anonymous_7)
DA:7,114
DA:17,114
DA:18,114
DA:19,114
DA:20,114
DA:21,114
DA:22,114
DA:23,114
DA:25,114
DA:32,114
DA:47,3
DA:57,4
DA:67,4
DA:76,1
DA:85,2
DA:95,2
LF:16
LH:16
BRDA:7,0,0,114
BRDA:7,0,1,109
BRDA:7,1,0,114
BRDA:7,1,1,110
BRDA:7,2,0,114
BRDA:7,2,1,112
BRDA:26,3,0,114
BRDA:26,3,1,98
BRDA:27,4,0,114
BRDA:27,4,1,101
BRDA:28,5,0,114
BRDA:28,5,1,105
BRDA:101,6,0,109
BRDA:101,6,1,5
BRF:14
BRH:14
end_of_record
TN:
SF:src\pages\home\CalendarExtract.tsx
FN:12,CalendarExtract
FN:26,(anonymous_1)
FNF:2
FNH:2
FNDA:100,CalendarExtract
FNDA:590,(anonymous_1)
DA:7,28
DA:13,100
DA:14,100
DA:16,100
DA:27,590
LF:5
LH:5
BRDA:22,0,0,1
BRDA:22,0,1,99
BRDA:31,1,0,590
BRDA:31,1,1,1
BRF:4
BRH:4
end_of_record
TN:
SF:src\pages\home\CommunityNumbers.tsx
FN:10,CommunityNumbers
FN:24,(anonymous_1)
FNF:2
FNH:2
FNDA:98,CommunityNumbers
FNDA:490,(anonymous_1)
DA:6,27
DA:11,98
DA:13,98
DA:25,490
LF:4
LH:4
BRF:0
BRH:0
end_of_record
TN:
SF:src\pages\home\Counters.tsx
FN:14,Runner
FN:25,Flag
FN:36,Ascent
FN:44,Descent
FN:52,Clock
FN:61,Star
FN:69,Row
FN:90,reading
FN:115,Counters
FNF:9
FNH:9
FNDA:126,Runner
FNDA:126,Flag
FNDA:126,Ascent
FNDA:126,Descent
FNDA:126,Clock
FNDA:126,Star
FNDA:1374,Row
FNDA:1374,reading
FNDA:126,Counters
DA:15,126
DA:26,126
DA:37,126
DA:45,126
DA:53,126
DA:62,126
DA:87,1374
DA:88,1374
DA:91,1374
DA:92,229
DA:95,1145
DA:96,229
DA:99,916
DA:102,1374
DA:116,126
DA:118,126
LF:16
LH:16
BRDA:74,0,0,1374
BRDA:76,1,0,1374
BRDA:91,2,0,229
BRDA:91,2,1,1145
BRDA:95,3,0,229
BRDA:95,3,1,916
BRF:6
BRH:6
end_of_record
TN:
SF:src\pages\home\EnrolmentSlot.tsx
FN:21,EnrolmentSlot
FNF:1
FNH:1
FNDA:103,EnrolmentSlot
DA:22,103
DA:23,103
DA:25,103
DA:26,99
DA:42,4
DA:44,4
LF:6
LH:6
BRDA:25,0,0,99
BRDA:25,0,1,4
BRF:2
BRH:2
end_of_record
TN:
SF:src\pages\home\HowItWorks.tsx
FN:5,HowItWorks
FN:14,(anonymous_1)
FNF:2
FNH:2
FNDA:98,HowItWorks
FNDA:294,(anonymous_1)
DA:3,27
DA:6,98
DA:8,98
DA:15,294
LF:4
LH:4
BRF:0
BRH:0
end_of_record
TN:
SF:src\pages\home\News.tsx
FN:5,News
FN:19,(anonymous_1)
FNF:2
FNH:2
FNDA:100,News
FNDA:1,(anonymous_1)
DA:6,100
DA:7,100
DA:9,100
DA:10,99
DA:13,1
DA:20,1
LF:6
LH:6
BRDA:9,0,0,99
BRDA:9,0,1,1
BRF:2
BRH:2
end_of_record
TN:
SF:src\pages\home\President.tsx
FN:24,President
FN:30,(anonymous_1)
FN:35,(anonymous_2)
FNF:3
FNH:3
FNDA:157,President
FNDA:32,(anonymous_1)
FNDA:32,(anonymous_2)
DA:10,27
DA:25,157
DA:26,157
DA:28,157
DA:31,32
DA:33,32
DA:36,32
LF:7
LH:7
BRF:0
BRH:0
end_of_record
TN:
SF:src\pages\home\Sponsor.tsx
FN:4,Sponsor
FN:21,SponsorStrip
FN:30,(anonymous_2)
FNF:3
FNH:3
FNDA:100,Sponsor
FNDA:100,SponsorStrip
FNDA:1,(anonymous_2)
DA:5,100
DA:7,100
DA:8,99
DA:11,1
DA:22,100
DA:24,100
DA:25,99
DA:28,1
DA:31,1
LF:9
LH:9
BRDA:7,0,0,99
BRDA:7,0,1,1
BRDA:24,1,0,99
BRDA:24,1,1,1
BRF:4
BRH:4
end_of_record
TN:
SF:src\pages\home\TopByCategory.tsx
FN:16,Face
FN:29,TopByCategory
FN:44,(anonymous_2)
FN:45,(anonymous_3)
FN:46,(anonymous_4)
FN:49,(anonymous_5)
FN:54,(anonymous_6)
FN:62,(anonymous_7)
FNF:8
FNH:8
FNDA:982,Face
FNDA:102,TopByCategory
FNDA:100,(anonymous_2)
FNDA:1,(anonymous_3)
FNDA:1,(anonymous_4)
FNDA:100,(anonymous_5)
FNDA:982,(anonymous_6)
FNDA:982,(anonymous_7)
DA:9,28
DA:11,28
DA:17,982
DA:41,102
DA:42,102
DA:44,102
DA:45,100
DA:46,1
DA:49,100
DA:52,102
DA:53,102
DA:54,982
DA:56,102
DA:63,982
LF:14
LH:14
BRDA:33,0,0,102
BRDA:58,1,0,3
BRDA:58,1,1,99
BRF:3
BRH:3
end_of_record
TN:
SF:src\pages\home\TopTen.tsx
FN:7,TopTen
FN:20,(anonymous_1)
FN:30,(anonymous_2)
FNF:3
FNH:3
FNDA:198,TopTen
FNDA:201,(anonymous_1)
FNDA:1870,(anonymous_2)
DA:18,198
DA:19,198
DA:20,201
DA:21,198
DA:23,198
DA:31,1870
LF:6
LH:6
BRDA:26,0,0,100
BRDA:26,0,1,98
BRDA:31,1,0,594
BRDA:31,1,1,1276
BRDA:36,2,0,1870
BRDA:36,2,1,1866
BRDA:43,3,0,198
BRDA:43,3,1,1
BRDA:47,4,0,100
BRDA:47,4,1,98
BRF:10
BRH:10
end_of_record
TN:
SF:src\pages\home\content.ts
FN:29,freshNews
FN:35,(anonymous_1)
FN:36,(anonymous_2)
FN:44,seasonLabelKey
FNF:4
FNH:4
FNDA:102,freshNews
FNDA:7,(anonymous_1)
FNDA:6,(anonymous_2)
FNDA:100,seasonLabelKey
DA:23,29
DA:25,29
DA:27,29
DA:30,102
DA:34,102
DA:35,7
DA:36,6
DA:45,100
LF:8
LH:8
BRDA:45,0,0,99
BRDA:45,0,1,1
BRF:2
BRH:2
end_of_record
TN:
SF:src\pages\home\useCountUp.ts
FN:12,useCountUp
FN:15,(anonymous_1)
FN:26,(anonymous_2)
FN:28,(anonymous_3)
FN:40,(anonymous_4)
FNF:5
FNH:5
FNDA:1382,useCountUp
FNDA:754,(anonymous_1)
FNDA:7,(anonymous_2)
FNDA:638,(anonymous_3)
FNDA:747,(anonymous_4)
DA:3,29
DA:13,1382
DA:15,1382
DA:16,754
DA:17,7
DA:18,7
DA:21,747
DA:22,747
DA:26,747
DA:28,747
DA:29,638
DA:31,638
DA:33,638
DA:34,637
DA:38,747
DA:40,747
DA:41,747
DA:42,747
DA:46,1382
LF:19
LH:19
BRDA:16,0,0,7
BRDA:16,0,1,747
BRDA:33,1,0,637
BRDA:33,1,1,1
BRF:4
BRH:4
end_of_record
TN:
SF:src\pages\member\Membership.tsx
FN:26,Membership
FN:41,(anonymous_1)
FN:42,(anonymous_2)
FN:51,(anonymous_3)
FNF:4
FNH:4
FNDA:45,Membership
FNDA:14,(anonymous_1)
FNDA:123,(anonymous_2)
FNDA:18,(anonymous_3)
DA:18,27
DA:19,27
DA:20,27
DA:21,27
DA:24,27
DA:27,45
DA:28,45
DA:29,45
DA:33,45
DA:35,45
DA:36,3
DA:39,42
DA:42,123
DA:44,14
DA:45,1
DA:48,13
DA:49,14
DA:50,14
DA:51,18
DA:52,14
DA:53,14
DA:54,14
DA:56,14
LF:23
LH:23
BRDA:35,0,0,3
BRDA:35,0,1,42
BRDA:44,1,0,1
BRDA:44,1,1,13
BRDA:48,2,0,13
BRDA:48,2,1,2
BRDA:65,3,0,11
BRDA:65,3,1,2
BRDA:70,4,0,8
BRDA:70,4,1,5
BRDA:82,5,0,8
BRDA:82,5,1,5
BRDA:120,6,0,1
BRDA:120,6,1,7
BRDA:148,7,0,8
BRDA:148,7,1,7
BRDA:179,8,0,8
BRDA:179,8,1,1
BRDA:210,9,0,8
BRDA:210,9,1,7
BRDA:217,10,0,8
BRDA:217,10,1,1
BRDA:236,11,0,1
BRDA:236,11,1,12
BRDA:241,12,0,8
BRDA:241,12,1,5
BRDA:245,13,0,14
BRDA:245,13,1,8
BRF:28
BRH:28
end_of_record
TN:
SF:src\pages\member\MessageDetail.tsx
FN:21,MessageDetail
FN:28,(anonymous_1)
FN:31,(anonymous_2)
FNF:3
FNH:3
FNDA:13,MessageDetail
FNDA:16,(anonymous_1)
FNDA:13,(anonymous_2)
DA:22,13
DA:23,13
DA:24,13
DA:28,16
DA:29,13
DA:31,13
DA:32,13
DA:33,5
DA:37,13
DA:38,2
DA:41,11
DA:42,1
DA:45,10
LF:13
LH:13
BRDA:29,0,0,13
BRDA:29,0,1,12
BRDA:32,1,0,5
BRDA:32,1,1,8
BRDA:32,2,0,13
BRDA:32,2,1,5
BRDA:37,3,0,2
BRDA:37,3,1,11
BRDA:41,4,0,1
BRDA:41,4,1,10
BRF:10
BRH:10
end_of_record
TN:
SF:src\pages\member\Messages.tsx
FN:9,Messages
FN:14,(anonymous_1)
FN:20,(anonymous_2)
FN:31,(anonymous_3)
FN:43,(anonymous_4)
FNF:5
FNH:5
FNDA:6,Messages
FNDA:2,(anonymous_1)
FNDA:8,(anonymous_2)
FNDA:8,(anonymous_3)
FNDA:1,(anonymous_4)
DA:10,6
DA:11,6
DA:14,6
DA:16,6
DA:17,1
DA:20,8
DA:22,5
DA:32,8
DA:43,1
LF:9
LH:9
BRDA:9,0,0,6
BRDA:14,1,0,5
BRDA:14,1,1,1
BRDA:16,2,0,1
BRDA:16,2,1,5
BRDA:27,3,0,1
BRDA:27,3,1,4
BRDA:32,4,0,5
BRDA:32,4,1,3
BRDA:39,5,0,8
BRDA:39,5,1,3
BRF:11
BRH:11
end_of_record
TN:
SF:src\pages\member\MyProfile.tsx
FN:11,MyProfile
FNF:1
FNH:1
FNDA:8,MyProfile
DA:12,8
DA:13,8
DA:15,8
DA:16,3
DA:19,5
LF:5
LH:5
BRDA:15,0,0,3
BRDA:15,0,1,5
BRF:2
BRH:2
end_of_record
TN:
SF:src\pages\member\MyResults.tsx
FN:15,MyResults
FN:24,(anonymous_1)
FN:44,(anonymous_2)
FN:69,(anonymous_3)
FN:92,(anonymous_4)
FNF:5
FNH:5
FNDA:24,MyResults
FNDA:18,(anonymous_1)
FNDA:18,(anonymous_2)
FNDA:7,(anonymous_3)
FNDA:1374,(anonymous_4)
DA:16,24
DA:17,24
DA:18,24
DA:20,24
DA:21,3
DA:24,21
DA:26,21
DA:45,18
DA:70,7
DA:72,7
DA:73,1
DA:76,6
DA:93,1374
LF:13
LH:13
BRDA:20,0,0,3
BRDA:20,0,1,21
BRDA:40,1,0,3
BRDA:40,1,1,18
BRDA:59,2,0,18
BRDA:59,2,1,3
BRDA:72,3,0,1
BRDA:72,3,1,6
BRF:8
BRH:8
end_of_record
TN:
SF:src\pages\member\NewResult.tsx
FN:15,seconds
FN:19,NewResult
FN:28,onSubmit
FNF:3
FNH:3
FNDA:5,seconds
FNDA:13,NewResult
FNDA:5,onSubmit
DA:16,5
DA:20,13
DA:21,13
DA:22,13
DA:24,13
DA:25,1
DA:29,5
DA:30,5
DA:31,5
DA:32,5
DA:33,5
DA:35,5
DA:51,5
DA:54,12
LF:14
LH:14
BRDA:24,0,0,1
BRDA:24,0,1,12
BRDA:46,1,0,5
BRDA:46,1,1,1
BRF:4
BRH:4
end_of_record
TN:
SF:src\pages\member\Settings.tsx
FN:15,Settings
FN:36,(anonymous_1)
FN:45,(anonymous_2)
FN:62,(anonymous_3)
FN:70,(anonymous_4)
FNF:5
FNH:5
FNDA:9,Settings
FNDA:16,(anonymous_1)
FNDA:2,(anonymous_2)
FNDA:32,(anonymous_3)
FNDA:2,(anonymous_4)
DA:9,27
DA:16,9
DA:17,9
DA:18,9
DA:20,9
DA:21,1
DA:24,8
DA:37,16
DA:45,2
DA:63,32
DA:70,2
LF:11
LH:11
BRDA:20,0,0,1
BRDA:20,0,1,8
BRDA:48,1,0,8
BRDA:48,1,1,8
BRF:4
BRH:4
end_of_record
TN:
SF:src\pages\member\SignIn.tsx
FN:17,SignIn
FN:31,(anonymous_1)
FN:34,(anonymous_2)
FN:43,(anonymous_3)
FN:45,(anonymous_4)
FNF:5
FNH:5
FNDA:11,SignIn
FNDA:5,(anonymous_1)
FNDA:1,(anonymous_2)
FNDA:1,(anonymous_3)
FNDA:124,(anonymous_4)
DA:18,11
DA:19,11
DA:20,11
DA:21,11
DA:22,11
DA:23,11
DA:25,11
DA:32,5
DA:35,1
DA:36,1
DA:37,1
DA:38,1
DA:43,1
DA:46,124
LF:14
LH:14
BRF:0
BRH:0
end_of_record
TN:
SF:src\pages\member\SignedOut.tsx
FN:5,SignedOut
FNF:1
FNH:1
FNDA:14,SignedOut
DA:6,14
DA:8,14
LF:2
LH:2
BRF:0
BRH:0
end_of_record
TN:
SF:src\roles\RoleProvider.tsx
FN:20,RoleProvider
FN:30,(anonymous_1)
FN:34,(anonymous_2)
FNF:3
FNH:3
FNDA:403,RoleProvider
FNDA:7,(anonymous_1)
FNDA:403,(anonymous_2)
DA:25,403
DA:30,403
DA:31,7
DA:34,403
DA:35,403
DA:39,403
LF:6
LH:6
BRDA:21,0,0,403
BRDA:22,1,0,403
BRDA:30,2,0,7
BRF:3
BRH:3
end_of_record
TN:
SF:src\roles\RoleSwitch.tsx
FN:26,optionFor
FN:30,RoleChooser
FN:44,(anonymous_2)
FN:59,(anonymous_3)
FN:60,(anonymous_4)
FN:70,(anonymous_5)
FN:76,(anonymous_6)
FN:96,RoleSwitch
FNF:8
FNH:8
FNDA:2629,optionFor
FNDA:1439,RoleChooser
FNDA:2388,(anonymous_2)
FNDA:6,(anonymous_3)
FNDA:13,(anonymous_4)
FNDA:5756,(anonymous_5)
FNDA:2388,(anonymous_6)
FNDA:700,RoleSwitch
DA:27,2629
DA:31,1439
DA:32,1439
DA:37,1439
DA:43,1439
DA:44,2388
DA:46,1439
DA:60,13
DA:62,6
DA:63,2
DA:64,2
DA:67,4
DA:71,5756
DA:77,2388
DA:97,700
DA:98,1
DA:101,699
LF:17
LH:17
BRDA:43,0,0,1439
BRDA:43,0,1,1439
BRDA:58,1,0,1211
BRDA:58,1,1,228
BRDA:62,2,0,2
BRDA:62,2,1,4
BRDA:71,3,0,1439
BRDA:71,3,1,4317
BRDA:97,4,0,1
BRDA:97,4,1,699
BRF:10
BRH:10
end_of_record
TN:
SF:src\roles\context.ts
FN:36,isMember
FN:47,isStaff
FNF:2
FNH:2
FNDA:3,isMember
FNDA:5720,isStaff
DA:7,29
DA:33,29
DA:37,3
DA:48,5720
LF:4
LH:4
BRDA:48,0,0,5720
BRDA:48,0,1,3439
BRF:2
BRH:2
end_of_record
TN:
SF:src\roles\initials.ts
FN:16,initialsOf
FN:19,(anonymous_1)
FNF:2
FNH:2
FNDA:2388,initialsOf
FNDA:2985,(anonymous_1)
DA:17,2388
DA:19,2985
DA:22,2388
LF:3
LH:3
BRF:0
BRH:0
end_of_record
TN:
SF:src\roles\useRole.ts
FN:4,useRole
FNF:1
FNH:1
FNDA:6018,useRole
DA:5,6018
DA:7,6018
DA:8,2
DA:11,6015
LF:4
LH:4
BRDA:7,0,0,2
BRDA:7,0,1,6016
BRF:2
BRH:2
end_of_record
TN:
SF:src\session\SessionProvider.tsx
FN:41,SessionProvider
FN:63,(anonymous_1)
FN:64,(anonymous_2)
FN:70,(anonymous_3)
FN:71,(anonymous_4)
FN:72,(anonymous_5)
FN:76,(anonymous_6)
FN:77,(anonymous_7)
FN:77,(anonymous_8)
FN:80,(anonymous_9)
FN:83,(anonymous_10)
FN:86,(anonymous_11)
FN:87,(anonymous_12)
FN:90,(anonymous_13)
FN:91,(anonymous_14)
FN:94,(anonymous_15)
FN:97,(anonymous_16)
FN:100,(anonymous_17)
FN:101,(anonymous_18)
FN:107,(anonymous_19)
FN:108,(anonymous_20)
FN:111,(anonymous_21)
FN:112,(anonymous_22)
FN:127,(anonymous_23)
FN:128,(anonymous_24)
FN:129,(anonymous_25)
FN:131,(anonymous_26)
FN:133,(anonymous_27)
FN:138,(anonymous_28)
FN:139,(anonymous_29)
FN:143,(anonymous_30)
FN:147,(anonymous_31)
FNF:32
FNH:32
FNDA:500,SessionProvider
FNDA:7,(anonymous_1)
FNDA:7,(anonymous_2)
FNDA:3,(anonymous_3)
FNDA:3,(anonymous_4)
FNDA:4,(anonymous_5)
FNDA:7,(anonymous_6)
FNDA:7,(anonymous_7)
FNDA:15,(anonymous_8)
FNDA:3,(anonymous_9)
FNDA:3,(anonymous_10)
FNDA:6,(anonymous_11)
FNDA:6,(anonymous_12)
FNDA:12,(anonymous_13)
FNDA:12,(anonymous_14)
FNDA:12,(anonymous_15)
FNDA:12,(anonymous_16)
FNDA:4,(anonymous_17)
FNDA:4,(anonymous_18)
FNDA:2,(anonymous_19)
FNDA:2,(anonymous_20)
FNDA:26,(anonymous_21)
FNDA:26,(anonymous_22)
FNDA:5,(anonymous_23)
FNDA:5,(anonymous_24)
FNDA:5,(anonymous_25)
FNDA:1,(anonymous_26)
FNDA:5,(anonymous_27)
FNDA:424,(anonymous_28)
FNDA:852,(anonymous_29)
FNDA:500,(anonymous_30)
FNDA:2,(anonymous_31)
DA:20,27
DA:48,500
DA:49,500
DA:50,500
DA:51,500
DA:52,500
DA:53,500
DA:54,500
DA:55,500
DA:56,500
DA:63,500
DA:64,7
DA:70,500
DA:71,3
DA:72,4
DA:76,500
DA:77,15
DA:80,500
DA:83,3
DA:86,500
DA:87,6
DA:90,500
DA:91,12
DA:94,500
DA:97,12
DA:100,500
DA:101,4
DA:107,500
DA:108,2
DA:111,500
DA:112,26
DA:127,500
DA:128,5
DA:129,5
DA:131,1
DA:133,5
DA:138,500
DA:139,852
DA:143,500
DA:144,500
DA:147,2
DA:192,500
LF:42
LH:42
BRDA:42,0,0,500
BRDA:72,1,0,3
BRDA:72,1,1,1
BRDA:77,2,0,7
BRDA:77,2,1,8
BRDA:97,3,0,12
BRDA:97,3,1,9
BRDA:128,4,0,5
BRDA:128,4,1,5
BRDA:131,5,0,5
BRDA:131,5,1,4
BRDA:139,6,0,852
BRDA:139,6,1,4
BRF:13
BRH:13
end_of_record
TN:
SF:src\session\context.ts
FNF:0
FNH:0
DA:203,29
DA:211,29
LF:2
LH:2
BRF:0
BRH:0
end_of_record
TN:
SF:src\session\useSession.ts
FN:4,useSession
FNF:1
FNH:1
FNDA:13286,useSession
DA:5,13286
DA:7,13286
DA:8,2
DA:11,13283
LF:4
LH:4
BRDA:7,0,0,2
BRDA:7,0,1,13284
BRF:2
BRH:2
end_of_record
